[0.498s] Invoking command in '/home/student/ros2_ws/build/usb_cam': CMAKE_PREFIX_PATH=${CMAKE_PREFIX_PATH}:/home/student/ros2_ws/install/sensors_demos_gazebo:/home/student/ros2_ws/install/camera_subscriber:/opt/ros/humble /usr/bin/cmake --build /home/student/ros2_ws/build/usb_cam -- -j4 -l4
[0.565s] [ 14%] Built target usb_cam
[0.574s] [ 28%] Built target usb_cam_node_exe
[0.575s] [ 42%] Built target gtest
[0.579s] [ 57%] Built target gtest_main
[0.604s] [ 71%] Built target usb_cam_node
[0.608s] [ 85%] Built target test_pixel_formats
[0.617s] [100%] Built target test_usb_cam_utils
[0.628s] Invoked command in '/home/student/ros2_ws/build/usb_cam' returned '0': CMAKE_PREFIX_PATH=${CMAKE_PREFIX_PATH}:/home/student/ros2_ws/install/sensors_demos_gazebo:/home/student/ros2_ws/install/camera_subscriber:/opt/ros/humble /usr/bin/cmake --build /home/student/ros2_ws/build/usb_cam -- -j4 -l4
[0.638s] Invoking command in '/home/student/ros2_ws/build/usb_cam': CMAKE_PREFIX_PATH=${CMAKE_PREFIX_PATH}:/home/student/ros2_ws/install/sensors_demos_gazebo:/home/student/ros2_ws/install/camera_subscriber:/opt/ros/humble /usr/bin/cmake --install /home/student/ros2_ws/build/usb_cam
[0.645s] -- Install configuration: ""
[0.646s] -- Up-to-date: /home/student/ros2_ws/install/usb_cam/share/usb_cam/environment/library_path.sh
[0.646s] -- Up-to-date: /home/student/ros2_ws/install/usb_cam/share/usb_cam/environment/library_path.dsv
[0.646s] -- Up-to-date: /home/student/ros2_ws/install/usb_cam/lib/usb_cam/usb_cam_node_exe
[0.646s] -- Up-to-date: /home/student/ros2_ws/install/usb_cam/lib/usb_cam/show_image.py
[0.646s] -- Up-to-date: /home/student/ros2_ws/install/usb_cam/lib/libusb_cam.so
[0.647s] -- Up-to-date: /home/student/ros2_ws/install/usb_cam/lib/libusb_cam_node.so
[0.648s] -- Up-to-date: /home/student/ros2_ws/install/usb_cam/include
[0.648s] -- Up-to-date: /home/student/ros2_ws/install/usb_cam/include/usb_cam
[0.648s] -- Up-to-date: /home/student/ros2_ws/install/usb_cam/include/usb_cam/conversions.hpp
[0.648s] -- Up-to-date: /home/student/ros2_ws/install/usb_cam/include/usb_cam/usb_cam_node.hpp
[0.648s] -- Up-to-date: /home/student/ros2_ws/install/usb_cam/include/usb_cam/utils.hpp
[0.648s] -- Up-to-date: /home/student/ros2_ws/install/usb_cam/include/usb_cam/usb_cam.hpp
[0.648s] -- Up-to-date: /home/student/ros2_ws/install/usb_cam/include/usb_cam/constants.hpp
[0.648s] -- Up-to-date: /home/student/ros2_ws/install/usb_cam/include/usb_cam/formats
[0.648s] -- Up-to-date: /home/student/ros2_ws/install/usb_cam/include/usb_cam/formats/mjpeg.hpp
[0.648s] -- Up-to-date: /home/student/ros2_ws/install/usb_cam/include/usb_cam/formats/utils.hpp
[0.648s] -- Up-to-date: /home/student/ros2_ws/install/usb_cam/include/usb_cam/formats/yuyv.hpp
[0.648s] -- Up-to-date: /home/student/ros2_ws/install/usb_cam/include/usb_cam/formats/pixel_format_base.hpp
[0.649s] -- Up-to-date: /home/student/ros2_ws/install/usb_cam/include/usb_cam/formats/mono.hpp
[0.649s] -- Up-to-date: /home/student/ros2_ws/install/usb_cam/include/usb_cam/formats/av_pixel_format_helper.hpp
[0.649s] -- Up-to-date: /home/student/ros2_ws/install/usb_cam/include/usb_cam/formats/m420.hpp
[0.649s] -- Up-to-date: /home/student/ros2_ws/install/usb_cam/include/usb_cam/formats/rgb.hpp
[0.649s] -- Up-to-date: /home/student/ros2_ws/install/usb_cam/include/usb_cam/formats/uyvy.hpp
[0.649s] -- Up-to-date: /home/student/ros2_ws/install/usb_cam/lib/libusb_cam_node.so
[0.649s] -- Up-to-date: /home/student/ros2_ws/install/usb_cam/share/usb_cam/launch
[0.649s] -- Up-to-date: /home/student/ros2_ws/install/usb_cam/share/usb_cam/launch/__init__.py
[0.649s] -- Up-to-date: /home/student/ros2_ws/install/usb_cam/share/usb_cam/launch/camera.launch.py
[0.649s] -- Up-to-date: /home/student/ros2_ws/install/usb_cam/share/usb_cam/launch/camera_config.py
[0.649s] -- Up-to-date: /home/student/ros2_ws/install/usb_cam/share/usb_cam/config
[0.649s] -- Up-to-date: /home/student/ros2_ws/install/usb_cam/share/usb_cam/config/params_1.yaml
[0.650s] -- Up-to-date: /home/student/ros2_ws/install/usb_cam/share/usb_cam/config/params_2.yaml
[0.650s] -- Up-to-date: /home/student/ros2_ws/install/usb_cam/share/usb_cam/config/camera_info.yaml
[0.650s] -- Up-to-date: /home/student/ros2_ws/install/usb_cam/share/ament_index/resource_index/package_run_dependencies/usb_cam
[0.650s] -- Up-to-date: /home/student/ros2_ws/install/usb_cam/share/ament_index/resource_index/parent_prefix_path/usb_cam
[0.650s] -- Up-to-date: /home/student/ros2_ws/install/usb_cam/share/usb_cam/environment/ament_prefix_path.sh
[0.650s] -- Up-to-date: /home/student/ros2_ws/install/usb_cam/share/usb_cam/environment/ament_prefix_path.dsv
[0.650s] -- Up-to-date: /home/student/ros2_ws/install/usb_cam/share/usb_cam/environment/path.sh
[0.650s] -- Up-to-date: /home/student/ros2_ws/install/usb_cam/share/usb_cam/environment/path.dsv
[0.650s] -- Up-to-date: /home/student/ros2_ws/install/usb_cam/share/usb_cam/local_setup.bash
[0.650s] -- Up-to-date: /home/student/ros2_ws/install/usb_cam/share/usb_cam/local_setup.sh
[0.650s] -- Up-to-date: /home/student/ros2_ws/install/usb_cam/share/usb_cam/local_setup.zsh
[0.650s] -- Up-to-date: /home/student/ros2_ws/install/usb_cam/share/usb_cam/local_setup.dsv
[0.650s] -- Installing: /home/student/ros2_ws/install/usb_cam/share/usb_cam/package.dsv
[0.650s] -- Up-to-date: /home/student/ros2_ws/install/usb_cam/share/ament_index/resource_index/packages/usb_cam
[0.650s] -- Up-to-date: /home/student/ros2_ws/install/usb_cam/share/ament_index/resource_index/rclcpp_components/usb_cam
[0.650s] -- Up-to-date: /home/student/ros2_ws/install/usb_cam/share/usb_cam/cmake/ament_cmake_export_libraries-extras.cmake
[0.650s] -- Up-to-date: /home/student/ros2_ws/install/usb_cam/share/usb_cam/cmake/ament_cmake_export_dependencies-extras.cmake
[0.650s] -- Up-to-date: /home/student/ros2_ws/install/usb_cam/share/usb_cam/cmake/ament_cmake_export_include_directories-extras.cmake
[0.651s] -- Up-to-date: /home/student/ros2_ws/install/usb_cam/share/usb_cam/cmake/usb_camConfig.cmake
[0.651s] -- Up-to-date: /home/student/ros2_ws/install/usb_cam/share/usb_cam/cmake/usb_camConfig-version.cmake
[0.651s] -- Up-to-date: /home/student/ros2_ws/install/usb_cam/share/usb_cam/package.xml
[0.654s] Invoked command in '/home/student/ros2_ws/build/usb_cam' returned '0': CMAKE_PREFIX_PATH=${CMAKE_PREFIX_PATH}:/home/student/ros2_ws/install/sensors_demos_gazebo:/home/student/ros2_ws/install/camera_subscriber:/opt/ros/humble /usr/bin/cmake --install /home/student/ros2_ws/build/usb_cam
