[0.887s] Invoking command in '/home/student/ros2_ws/src/sensors_demos_gazebo': PYTHONPATH=/home/student/ros2_ws/build/sensors_demos_gazebo/prefix_override:/usr/lib/python3/dist-packages/colcon_core/task/python/colcon_distutils_commands:/home/student/ros2_ws/install/sensors_demos_gazebo/lib/python3.10/site-packages:${PYTHONPATH} /usr/bin/python3 -W ignore:setup.py install is deprecated -W ignore:easy_install command is deprecated setup.py egg_info --egg-base ../../build/sensors_demos_gazebo build --build-base /home/student/ros2_ws/build/sensors_demos_gazebo/build install --record /home/student/ros2_ws/build/sensors_demos_gazebo/install.log --install-scripts $base/lib/sensors_demos_gazebo --single-version-externally-managed install_data
[1.111s] /usr/lib/python3/dist-packages/setuptools/dist.py:723: UserWarning: Usage of dash-separated 'script-dir' will not be supported in future versions. Please use the underscore name 'script_dir' instead
[1.111s]   warnings.warn(
[1.119s] running egg_info
[1.121s] writing ../../build/sensors_demos_gazebo/sensors_demos_gazebo.egg-info/PKG-INFO
[1.121s] writing dependency_links to ../../build/sensors_demos_gazebo/sensors_demos_gazebo.egg-info/dependency_links.txt
[1.121s] writing entry points to ../../build/sensors_demos_gazebo/sensors_demos_gazebo.egg-info/entry_points.txt
[1.121s] writing requirements to ../../build/sensors_demos_gazebo/sensors_demos_gazebo.egg-info/requires.txt
[1.121s] writing top-level names to ../../build/sensors_demos_gazebo/sensors_demos_gazebo.egg-info/top_level.txt
[1.123s] reading manifest file '../../build/sensors_demos_gazebo/sensors_demos_gazebo.egg-info/SOURCES.txt'
[1.124s] writing manifest file '../../build/sensors_demos_gazebo/sensors_demos_gazebo.egg-info/SOURCES.txt'
[1.124s] running build
[1.124s] running build_py
[1.124s] running install
[1.125s] running install_lib
[1.126s] running install_data
[1.126s] running install_egg_info
[1.128s] removing '/home/student/ros2_ws/install/sensors_demos_gazebo/lib/python3.10/site-packages/sensors_demos_gazebo-0.0.0-py3.10.egg-info' (and everything under it)
[1.128s] Copying ../../build/sensors_demos_gazebo/sensors_demos_gazebo.egg-info to /home/student/ros2_ws/install/sensors_demos_gazebo/lib/python3.10/site-packages/sensors_demos_gazebo-0.0.0-py3.10.egg-info
[1.129s] running install_scripts
[1.150s] writing list of installed files to '/home/student/ros2_ws/build/sensors_demos_gazebo/install.log'
[1.176s] Invoked command in '/home/student/ros2_ws/src/sensors_demos_gazebo' returned '0': PYTHONPATH=/home/student/ros2_ws/build/sensors_demos_gazebo/prefix_override:/usr/lib/python3/dist-packages/colcon_core/task/python/colcon_distutils_commands:/home/student/ros2_ws/install/sensors_demos_gazebo/lib/python3.10/site-packages:${PYTHONPATH} /usr/bin/python3 -W ignore:setup.py install is deprecated -W ignore:easy_install command is deprecated setup.py egg_info --egg-base ../../build/sensors_demos_gazebo build --build-base /home/student/ros2_ws/build/sensors_demos_gazebo/build install --record /home/student/ros2_ws/build/sensors_demos_gazebo/install.log --install-scripts $base/lib/sensors_demos_gazebo --single-version-externally-managed install_data
