[0.226s] DEBUG:colcon:Command line arguments: ['/usr/bin/colcon', 'build']
[0.226s] DEBUG:colcon:Parsed command line arguments: Namespace(log_base=None, log_level=None, verb_name='build', build_base='build', install_base='install', merge_install=False, symlink_install=False, test_result_base=None, continue_on_error=False, executor='parallel', parallel_workers=4, event_handlers=None, ignore_user_meta=False, metas=['./colcon.meta'], base_paths=['.'], packages_ignore=None, packages_ignore_regex=None, paths=None, packages_up_to=None, packages_up_to_regex=None, packages_above=None, packages_above_and_dependencies=None, packages_above_depth=None, packages_select_by_dep=None, packages_skip_by_dep=None, packages_skip_up_to=None, packages_select_build_failed=False, packages_skip_build_finished=False, packages_select_test_failures=False, packages_skip_test_passed=False, packages_select=None, packages_skip=None, packages_select_regex=None, packages_skip_regex=None, packages_start=None, packages_end=None, allow_overriding=[], cmake_args=None, cmake_target=None, cmake_target_skip_unavailable=False, cmake_clean_cache=False, cmake_clean_first=False, cmake_force_configure=False, ament_cmake_args=None, catkin_cmake_args=None, catkin_skip_building_tests=False, verb_parser=<colcon_defaults.argument_parser.defaults.DefaultArgumentsDecorator object at 0x748e35f61570>, verb_extension=<colcon_core.verb.build.BuildVerb object at 0x748e360dae30>, main=<bound method BuildVerb.main of <colcon_core.verb.build.BuildVerb object at 0x748e360dae30>>)
[0.594s] Level 1:colcon.colcon_core.package_discovery:discover_packages(colcon_meta) check parameters
[0.594s] Level 1:colcon.colcon_core.package_discovery:discover_packages(recursive) check parameters
[0.594s] Level 1:colcon.colcon_core.package_discovery:discover_packages(ignore) check parameters
[0.594s] Level 1:colcon.colcon_core.package_discovery:discover_packages(path) check parameters
[0.594s] Level 1:colcon.colcon_core.package_discovery:discover_packages(colcon_meta) discover
[0.595s] Level 1:colcon.colcon_core.package_discovery:discover_packages(recursive) discover
[0.595s] INFO:colcon.colcon_core.package_discovery:Crawling recursively for packages in '/home/student/ros2_ws'
[0.595s] Level 1:colcon.colcon_core.package_identification:_identify(.) by extensions ['ignore', 'ignore_ament_install']
[0.595s] Level 1:colcon.colcon_core.package_identification:_identify(.) by extension 'ignore'
[0.595s] Level 1:colcon.colcon_core.package_identification:_identify(.) by extension 'ignore_ament_install'
[0.595s] Level 1:colcon.colcon_core.package_identification:_identify(.) by extensions ['colcon_pkg']
[0.595s] Level 1:colcon.colcon_core.package_identification:_identify(.) by extension 'colcon_pkg'
[0.595s] Level 1:colcon.colcon_core.package_identification:_identify(.) by extensions ['colcon_meta']
[0.595s] Level 1:colcon.colcon_core.package_identification:_identify(.) by extension 'colcon_meta'
[0.595s] Level 1:colcon.colcon_core.package_identification:_identify(.) by extensions ['ros']
[0.595s] Level 1:colcon.colcon_core.package_identification:_identify(.) by extension 'ros'
[0.605s] Level 1:colcon.colcon_core.package_identification:_identify(.) by extensions ['cmake', 'python']
[0.606s] Level 1:colcon.colcon_core.package_identification:_identify(.) by extension 'cmake'
[0.606s] Level 1:colcon.colcon_core.package_identification:_identify(.) by extension 'python'
[0.606s] Level 1:colcon.colcon_core.package_identification:_identify(.) by extensions ['python_setup_py']
[0.606s] Level 1:colcon.colcon_core.package_identification:_identify(.) by extension 'python_setup_py'
[0.606s] Level 1:colcon.colcon_core.package_identification:_identify(build) by extensions ['ignore', 'ignore_ament_install']
[0.606s] Level 1:colcon.colcon_core.package_identification:_identify(build) by extension 'ignore'
[0.606s] Level 1:colcon.colcon_core.package_identification:_identify(build) ignored
[0.606s] Level 1:colcon.colcon_core.package_identification:_identify(install) by extensions ['ignore', 'ignore_ament_install']
[0.606s] Level 1:colcon.colcon_core.package_identification:_identify(install) by extension 'ignore'
[0.606s] Level 1:colcon.colcon_core.package_identification:_identify(install) ignored
[0.606s] Level 1:colcon.colcon_core.package_identification:_identify(log) by extensions ['ignore', 'ignore_ament_install']
[0.606s] Level 1:colcon.colcon_core.package_identification:_identify(log) by extension 'ignore'
[0.606s] Level 1:colcon.colcon_core.package_identification:_identify(log) ignored
[0.607s] Level 1:colcon.colcon_core.package_identification:_identify(ros2_camera_robot_interface) by extensions ['ignore', 'ignore_ament_install']
[0.607s] Level 1:colcon.colcon_core.package_identification:_identify(ros2_camera_robot_interface) by extension 'ignore'
[0.607s] Level 1:colcon.colcon_core.package_identification:_identify(ros2_camera_robot_interface) by extension 'ignore_ament_install'
[0.607s] Level 1:colcon.colcon_core.package_identification:_identify(ros2_camera_robot_interface) by extensions ['colcon_pkg']
[0.607s] Level 1:colcon.colcon_core.package_identification:_identify(ros2_camera_robot_interface) by extension 'colcon_pkg'
[0.607s] Level 1:colcon.colcon_core.package_identification:_identify(ros2_camera_robot_interface) by extensions ['colcon_meta']
[0.607s] Level 1:colcon.colcon_core.package_identification:_identify(ros2_camera_robot_interface) by extension 'colcon_meta'
[0.607s] Level 1:colcon.colcon_core.package_identification:_identify(ros2_camera_robot_interface) by extensions ['ros']
[0.607s] Level 1:colcon.colcon_core.package_identification:_identify(ros2_camera_robot_interface) by extension 'ros'
[0.607s] Level 1:colcon.colcon_core.package_identification:_identify(ros2_camera_robot_interface) by extensions ['cmake', 'python']
[0.607s] Level 1:colcon.colcon_core.package_identification:_identify(ros2_camera_robot_interface) by extension 'cmake'
[0.607s] Level 1:colcon.colcon_core.package_identification:_identify(ros2_camera_robot_interface) by extension 'python'
[0.607s] Level 1:colcon.colcon_core.package_identification:_identify(ros2_camera_robot_interface) by extensions ['python_setup_py']
[0.607s] Level 1:colcon.colcon_core.package_identification:_identify(ros2_camera_robot_interface) by extension 'python_setup_py'
[0.608s] Level 1:colcon.colcon_core.package_identification:_identify(ros2_camera_robot_interface/ros2_ws) by extensions ['ignore', 'ignore_ament_install']
[0.608s] Level 1:colcon.colcon_core.package_identification:_identify(ros2_camera_robot_interface/ros2_ws) by extension 'ignore'
[0.608s] Level 1:colcon.colcon_core.package_identification:_identify(ros2_camera_robot_interface/ros2_ws) by extension 'ignore_ament_install'
[0.608s] Level 1:colcon.colcon_core.package_identification:_identify(ros2_camera_robot_interface/ros2_ws) by extensions ['colcon_pkg']
[0.608s] Level 1:colcon.colcon_core.package_identification:_identify(ros2_camera_robot_interface/ros2_ws) by extension 'colcon_pkg'
[0.608s] Level 1:colcon.colcon_core.package_identification:_identify(ros2_camera_robot_interface/ros2_ws) by extensions ['colcon_meta']
[0.608s] Level 1:colcon.colcon_core.package_identification:_identify(ros2_camera_robot_interface/ros2_ws) by extension 'colcon_meta'
[0.608s] Level 1:colcon.colcon_core.package_identification:_identify(ros2_camera_robot_interface/ros2_ws) by extensions ['ros']
[0.608s] Level 1:colcon.colcon_core.package_identification:_identify(ros2_camera_robot_interface/ros2_ws) by extension 'ros'
[0.608s] Level 1:colcon.colcon_core.package_identification:_identify(ros2_camera_robot_interface/ros2_ws) by extensions ['cmake', 'python']
[0.608s] Level 1:colcon.colcon_core.package_identification:_identify(ros2_camera_robot_interface/ros2_ws) by extension 'cmake'
[0.608s] Level 1:colcon.colcon_core.package_identification:_identify(ros2_camera_robot_interface/ros2_ws) by extension 'python'
[0.608s] Level 1:colcon.colcon_core.package_identification:_identify(ros2_camera_robot_interface/ros2_ws) by extensions ['python_setup_py']
[0.608s] Level 1:colcon.colcon_core.package_identification:_identify(ros2_camera_robot_interface/ros2_ws) by extension 'python_setup_py'
[0.609s] Level 1:colcon.colcon_core.package_identification:_identify(ros2_camera_robot_interface/ros2_ws/install) by extensions ['ignore', 'ignore_ament_install']
[0.609s] Level 1:colcon.colcon_core.package_identification:_identify(ros2_camera_robot_interface/ros2_ws/install) by extension 'ignore'
[0.609s] Level 1:colcon.colcon_core.package_identification:_identify(ros2_camera_robot_interface/ros2_ws/install) ignored
[0.609s] Level 1:colcon.colcon_core.package_identification:_identify(ros2_camera_robot_interface/ros2_ws/log) by extensions ['ignore', 'ignore_ament_install']
[0.609s] Level 1:colcon.colcon_core.package_identification:_identify(ros2_camera_robot_interface/ros2_ws/log) by extension 'ignore'
[0.609s] Level 1:colcon.colcon_core.package_identification:_identify(ros2_camera_robot_interface/ros2_ws/log) ignored
[0.610s] Level 1:colcon.colcon_core.package_identification:_identify(ros2_camera_robot_interface/ros2_ws/src) by extensions ['ignore', 'ignore_ament_install']
[0.610s] Level 1:colcon.colcon_core.package_identification:_identify(ros2_camera_robot_interface/ros2_ws/src) by extension 'ignore'
[0.610s] Level 1:colcon.colcon_core.package_identification:_identify(ros2_camera_robot_interface/ros2_ws/src) by extension 'ignore_ament_install'
[0.610s] Level 1:colcon.colcon_core.package_identification:_identify(ros2_camera_robot_interface/ros2_ws/src) by extensions ['colcon_pkg']
[0.610s] Level 1:colcon.colcon_core.package_identification:_identify(ros2_camera_robot_interface/ros2_ws/src) by extension 'colcon_pkg'
[0.610s] Level 1:colcon.colcon_core.package_identification:_identify(ros2_camera_robot_interface/ros2_ws/src) by extensions ['colcon_meta']
[0.610s] Level 1:colcon.colcon_core.package_identification:_identify(ros2_camera_robot_interface/ros2_ws/src) by extension 'colcon_meta'
[0.610s] Level 1:colcon.colcon_core.package_identification:_identify(ros2_camera_robot_interface/ros2_ws/src) by extensions ['ros']
[0.610s] Level 1:colcon.colcon_core.package_identification:_identify(ros2_camera_robot_interface/ros2_ws/src) by extension 'ros'
[0.610s] Level 1:colcon.colcon_core.package_identification:_identify(ros2_camera_robot_interface/ros2_ws/src) by extensions ['cmake', 'python']
[0.610s] Level 1:colcon.colcon_core.package_identification:_identify(ros2_camera_robot_interface/ros2_ws/src) by extension 'cmake'
[0.610s] Level 1:colcon.colcon_core.package_identification:_identify(ros2_camera_robot_interface/ros2_ws/src) by extension 'python'
[0.610s] Level 1:colcon.colcon_core.package_identification:_identify(ros2_camera_robot_interface/ros2_ws/src) by extensions ['python_setup_py']
[0.610s] Level 1:colcon.colcon_core.package_identification:_identify(ros2_camera_robot_interface/ros2_ws/src) by extension 'python_setup_py'
[0.610s] Level 1:colcon.colcon_core.package_identification:_identify(ros2_camera_robot_interface/ros2_ws/src/camera_click_teleop) by extensions ['ignore', 'ignore_ament_install']
[0.611s] Level 1:colcon.colcon_core.package_identification:_identify(ros2_camera_robot_interface/ros2_ws/src/camera_click_teleop) by extension 'ignore'
[0.611s] Level 1:colcon.colcon_core.package_identification:_identify(ros2_camera_robot_interface/ros2_ws/src/camera_click_teleop) by extension 'ignore_ament_install'
[0.611s] Level 1:colcon.colcon_core.package_identification:_identify(ros2_camera_robot_interface/ros2_ws/src/camera_click_teleop) by extensions ['colcon_pkg']
[0.611s] Level 1:colcon.colcon_core.package_identification:_identify(ros2_camera_robot_interface/ros2_ws/src/camera_click_teleop) by extension 'colcon_pkg'
[0.611s] Level 1:colcon.colcon_core.package_identification:_identify(ros2_camera_robot_interface/ros2_ws/src/camera_click_teleop) by extensions ['colcon_meta']
[0.611s] Level 1:colcon.colcon_core.package_identification:_identify(ros2_camera_robot_interface/ros2_ws/src/camera_click_teleop) by extension 'colcon_meta'
[0.611s] Level 1:colcon.colcon_core.package_identification:_identify(ros2_camera_robot_interface/ros2_ws/src/camera_click_teleop) by extensions ['ros']
[0.611s] Level 1:colcon.colcon_core.package_identification:_identify(ros2_camera_robot_interface/ros2_ws/src/camera_click_teleop) by extension 'ros'
[0.615s] DEBUG:colcon.colcon_core.package_identification:Package 'ros2_camera_robot_interface/ros2_ws/src/camera_click_teleop' with type 'ros.ament_python' and name 'camera_click_teleop'
[0.615s] Level 1:colcon.colcon_core.package_identification:_identify(src) by extensions ['ignore', 'ignore_ament_install']
[0.615s] Level 1:colcon.colcon_core.package_identification:_identify(src) by extension 'ignore'
[0.615s] Level 1:colcon.colcon_core.package_identification:_identify(src) by extension 'ignore_ament_install'
[0.615s] Level 1:colcon.colcon_core.package_identification:_identify(src) by extensions ['colcon_pkg']
[0.615s] Level 1:colcon.colcon_core.package_identification:_identify(src) by extension 'colcon_pkg'
[0.615s] Level 1:colcon.colcon_core.package_identification:_identify(src) by extensions ['colcon_meta']
[0.615s] Level 1:colcon.colcon_core.package_identification:_identify(src) by extension 'colcon_meta'
[0.615s] Level 1:colcon.colcon_core.package_identification:_identify(src) by extensions ['ros']
[0.615s] Level 1:colcon.colcon_core.package_identification:_identify(src) by extension 'ros'
[0.615s] Level 1:colcon.colcon_core.package_identification:_identify(src) by extensions ['cmake', 'python']
[0.615s] Level 1:colcon.colcon_core.package_identification:_identify(src) by extension 'cmake'
[0.615s] Level 1:colcon.colcon_core.package_identification:_identify(src) by extension 'python'
[0.615s] Level 1:colcon.colcon_core.package_identification:_identify(src) by extensions ['python_setup_py']
[0.616s] Level 1:colcon.colcon_core.package_identification:_identify(src) by extension 'python_setup_py'
[0.616s] Level 1:colcon.colcon_core.package_identification:_identify(src/camera_subscriber) by extensions ['ignore', 'ignore_ament_install']
[0.616s] Level 1:colcon.colcon_core.package_identification:_identify(src/camera_subscriber) by extension 'ignore'
[0.616s] Level 1:colcon.colcon_core.package_identification:_identify(src/camera_subscriber) by extension 'ignore_ament_install'
[0.616s] Level 1:colcon.colcon_core.package_identification:_identify(src/camera_subscriber) by extensions ['colcon_pkg']
[0.616s] Level 1:colcon.colcon_core.package_identification:_identify(src/camera_subscriber) by extension 'colcon_pkg'
[0.616s] Level 1:colcon.colcon_core.package_identification:_identify(src/camera_subscriber) by extensions ['colcon_meta']
[0.616s] Level 1:colcon.colcon_core.package_identification:_identify(src/camera_subscriber) by extension 'colcon_meta'
[0.616s] Level 1:colcon.colcon_core.package_identification:_identify(src/camera_subscriber) by extensions ['ros']
[0.616s] Level 1:colcon.colcon_core.package_identification:_identify(src/camera_subscriber) by extension 'ros'
[0.617s] DEBUG:colcon.colcon_core.package_identification:Package 'src/camera_subscriber' with type 'ros.ament_python' and name 'camera_subscriber'
[0.617s] Level 1:colcon.colcon_core.package_discovery:discover_packages(recursive) using defaults
[0.617s] Level 1:colcon.colcon_core.package_discovery:discover_packages(ignore) discover
[0.617s] Level 1:colcon.colcon_core.package_discovery:discover_packages(ignore) using defaults
[0.617s] Level 1:colcon.colcon_core.package_discovery:discover_packages(path) discover
[0.617s] Level 1:colcon.colcon_core.package_discovery:discover_packages(path) using defaults
[0.671s] Level 1:colcon.colcon_core.package_discovery:discover_packages(prefix_path) check parameters
[0.671s] Level 1:colcon.colcon_core.package_discovery:discover_packages(prefix_path) discover
[0.676s] DEBUG:colcon.colcon_installed_package_information.package_discovery:Found 450 installed packages in /opt/ros/humble
[0.678s] Level 1:colcon.colcon_core.package_discovery:discover_packages(prefix_path) using defaults
[0.735s] Level 5:colcon.colcon_core.verb:set package 'camera_click_teleop' build argument 'cmake_args' from command line to 'None'
[0.735s] Level 5:colcon.colcon_core.verb:set package 'camera_click_teleop' build argument 'cmake_target' from command line to 'None'
[0.735s] Level 5:colcon.colcon_core.verb:set package 'camera_click_teleop' build argument 'cmake_target_skip_unavailable' from command line to 'False'
[0.735s] Level 5:colcon.colcon_core.verb:set package 'camera_click_teleop' build argument 'cmake_clean_cache' from command line to 'False'
[0.735s] Level 5:colcon.colcon_core.verb:set package 'camera_click_teleop' build argument 'cmake_clean_first' from command line to 'False'
[0.735s] Level 5:colcon.colcon_core.verb:set package 'camera_click_teleop' build argument 'cmake_force_configure' from command line to 'False'
[0.735s] Level 5:colcon.colcon_core.verb:set package 'camera_click_teleop' build argument 'ament_cmake_args' from command line to 'None'
[0.735s] Level 5:colcon.colcon_core.verb:set package 'camera_click_teleop' build argument 'catkin_cmake_args' from command line to 'None'
[0.735s] Level 5:colcon.colcon_core.verb:set package 'camera_click_teleop' build argument 'catkin_skip_building_tests' from command line to 'False'
[0.735s] DEBUG:colcon.colcon_core.verb:Building package 'camera_click_teleop' with the following arguments: {'ament_cmake_args': None, 'build_base': '/home/student/ros2_ws/build/camera_click_teleop', 'catkin_cmake_args': None, 'catkin_skip_building_tests': False, 'cmake_args': None, 'cmake_clean_cache': False, 'cmake_clean_first': False, 'cmake_force_configure': False, 'cmake_target': None, 'cmake_target_skip_unavailable': False, 'install_base': '/home/student/ros2_ws/install/camera_click_teleop', 'merge_install': False, 'path': '/home/student/ros2_ws/ros2_camera_robot_interface/ros2_ws/src/camera_click_teleop', 'symlink_install': False, 'test_result_base': None}
[0.736s] Level 5:colcon.colcon_core.verb:set package 'camera_subscriber' build argument 'cmake_args' from command line to 'None'
[0.736s] Level 5:colcon.colcon_core.verb:set package 'camera_subscriber' build argument 'cmake_target' from command line to 'None'
[0.736s] Level 5:colcon.colcon_core.verb:set package 'camera_subscriber' build argument 'cmake_target_skip_unavailable' from command line to 'False'
[0.736s] Level 5:colcon.colcon_core.verb:set package 'camera_subscriber' build argument 'cmake_clean_cache' from command line to 'False'
[0.736s] Level 5:colcon.colcon_core.verb:set package 'camera_subscriber' build argument 'cmake_clean_first' from command line to 'False'
[0.736s] Level 5:colcon.colcon_core.verb:set package 'camera_subscriber' build argument 'cmake_force_configure' from command line to 'False'
[0.736s] Level 5:colcon.colcon_core.verb:set package 'camera_subscriber' build argument 'ament_cmake_args' from command line to 'None'
[0.736s] Level 5:colcon.colcon_core.verb:set package 'camera_subscriber' build argument 'catkin_cmake_args' from command line to 'None'
[0.736s] Level 5:colcon.colcon_core.verb:set package 'camera_subscriber' build argument 'catkin_skip_building_tests' from command line to 'False'
[0.736s] DEBUG:colcon.colcon_core.verb:Building package 'camera_subscriber' with the following arguments: {'ament_cmake_args': None, 'build_base': '/home/student/ros2_ws/build/camera_subscriber', 'catkin_cmake_args': None, 'catkin_skip_building_tests': False, 'cmake_args': None, 'cmake_clean_cache': False, 'cmake_clean_first': False, 'cmake_force_configure': False, 'cmake_target': None, 'cmake_target_skip_unavailable': False, 'install_base': '/home/student/ros2_ws/install/camera_subscriber', 'merge_install': False, 'path': '/home/student/ros2_ws/src/camera_subscriber', 'symlink_install': False, 'test_result_base': None}
[0.736s] INFO:colcon.colcon_core.executor:Executing jobs using 'parallel' executor
[0.737s] DEBUG:colcon.colcon_parallel_executor.executor.parallel:run_until_complete
[0.737s] INFO:colcon.colcon_ros.task.ament_python.build:Building ROS package in '/home/student/ros2_ws/ros2_camera_robot_interface/ros2_ws/src/camera_click_teleop' with build type 'ament_python'
[0.737s] Level 1:colcon.colcon_core.shell:create_environment_hook('camera_click_teleop', 'ament_prefix_path')
[0.743s] INFO:colcon.colcon_core.plugin_system:Skipping extension 'colcon_core.shell.bat': Not used on non-Windows systems
[0.743s] INFO:colcon.colcon_core.shell:Creating environment hook '/home/student/ros2_ws/install/camera_click_teleop/share/camera_click_teleop/hook/ament_prefix_path.ps1'
[0.744s] INFO:colcon.colcon_core.shell:Creating environment descriptor '/home/student/ros2_ws/install/camera_click_teleop/share/camera_click_teleop/hook/ament_prefix_path.dsv'
[0.745s] INFO:colcon.colcon_core.shell:Creating environment hook '/home/student/ros2_ws/install/camera_click_teleop/share/camera_click_teleop/hook/ament_prefix_path.sh'
[0.746s] INFO:colcon.colcon_core.shell:Skip shell extension 'powershell' for command environment: Not usable outside of PowerShell
[0.746s] DEBUG:colcon.colcon_core.shell:Skip shell extension 'dsv' for command environment
[0.750s] INFO:colcon.colcon_ros.task.ament_python.build:Building ROS package in '/home/student/ros2_ws/src/camera_subscriber' with build type 'ament_python'
[0.751s] Level 1:colcon.colcon_core.shell:create_environment_hook('camera_subscriber', 'ament_prefix_path')
[0.751s] INFO:colcon.colcon_core.shell:Creating environment hook '/home/student/ros2_ws/install/camera_subscriber/share/camera_subscriber/hook/ament_prefix_path.ps1'
[0.752s] INFO:colcon.colcon_core.shell:Creating environment descriptor '/home/student/ros2_ws/install/camera_subscriber/share/camera_subscriber/hook/ament_prefix_path.dsv'
[0.753s] INFO:colcon.colcon_core.shell:Creating environment hook '/home/student/ros2_ws/install/camera_subscriber/share/camera_subscriber/hook/ament_prefix_path.sh'
[0.753s] INFO:colcon.colcon_core.shell:Skip shell extension 'powershell' for command environment: Not usable outside of PowerShell
[0.753s] DEBUG:colcon.colcon_core.shell:Skip shell extension 'dsv' for command environment
[1.028s] INFO:colcon.colcon_core.task.python.build:Building Python package in '/home/student/ros2_ws/ros2_camera_robot_interface/ros2_ws/src/camera_click_teleop'
[1.028s] INFO:colcon.colcon_core.shell:Skip shell extension 'powershell' for command environment: Not usable outside of PowerShell
[1.028s] DEBUG:colcon.colcon_core.shell:Skip shell extension 'dsv' for command environment
[1.299s] INFO:colcon.colcon_core.task.python.build:Building Python package in '/home/student/ros2_ws/src/camera_subscriber'
[1.299s] INFO:colcon.colcon_core.shell:Skip shell extension 'powershell' for command environment: Not usable outside of PowerShell
[1.299s] DEBUG:colcon.colcon_core.shell:Skip shell extension 'dsv' for command environment
[1.841s] DEBUG:colcon.colcon_core.event_handler.log_command:Invoking command in '/home/student/ros2_ws/src/camera_subscriber': PYTHONPATH=/home/student/ros2_ws/build/camera_subscriber/prefix_override:/usr/lib/python3/dist-packages/colcon_core/task/python/colcon_distutils_commands:/home/student/ros2_ws/install/camera_subscriber/lib/python3.10/site-packages:${PYTHONPATH} /usr/bin/python3 -W ignore:setup.py install is deprecated -W ignore:easy_install command is deprecated setup.py egg_info --egg-base ../../build/camera_subscriber build --build-base /home/student/ros2_ws/build/camera_subscriber/build install --record /home/student/ros2_ws/build/camera_subscriber/install.log --single-version-externally-managed install_data
[1.844s] DEBUG:colcon.colcon_core.event_handler.log_command:Invoking command in '/home/student/ros2_ws/ros2_camera_robot_interface/ros2_ws/src/camera_click_teleop': PYTHONPATH=/home/student/ros2_ws/build/camera_click_teleop/prefix_override:/usr/lib/python3/dist-packages/colcon_core/task/python/colcon_distutils_commands:/home/student/ros2_ws/install/camera_click_teleop/lib/python3.10/site-packages:${PYTHONPATH} /usr/bin/python3 -W ignore:setup.py install is deprecated -W ignore:easy_install command is deprecated setup.py egg_info --egg-base ../../../../build/camera_click_teleop build --build-base /home/student/ros2_ws/build/camera_click_teleop/build install --record /home/student/ros2_ws/build/camera_click_teleop/install.log --single-version-externally-managed install_data
[2.160s] DEBUG:colcon.colcon_core.event_handler.log_command:Invoked command in '/home/student/ros2_ws/ros2_camera_robot_interface/ros2_ws/src/camera_click_teleop' returned '0': PYTHONPATH=/home/student/ros2_ws/build/camera_click_teleop/prefix_override:/usr/lib/python3/dist-packages/colcon_core/task/python/colcon_distutils_commands:/home/student/ros2_ws/install/camera_click_teleop/lib/python3.10/site-packages:${PYTHONPATH} /usr/bin/python3 -W ignore:setup.py install is deprecated -W ignore:easy_install command is deprecated setup.py egg_info --egg-base ../../../../build/camera_click_teleop build --build-base /home/student/ros2_ws/build/camera_click_teleop/build install --record /home/student/ros2_ws/build/camera_click_teleop/install.log --single-version-externally-managed install_data
[2.165s] Level 1:colcon.colcon_core.environment:checking '/home/student/ros2_ws/install/camera_click_teleop' for CMake module files
[2.166s] Level 1:colcon.colcon_core.environment:checking '/home/student/ros2_ws/install/camera_click_teleop' for CMake config files
[2.166s] Level 1:colcon.colcon_core.environment:checking '/home/student/ros2_ws/install/camera_click_teleop/lib'
[2.166s] Level 1:colcon.colcon_core.environment:checking '/home/student/ros2_ws/install/camera_click_teleop/bin'
[2.166s] Level 1:colcon.colcon_core.environment:checking '/home/student/ros2_ws/install/camera_click_teleop/lib/pkgconfig/camera_click_teleop.pc'
[2.167s] Level 1:colcon.colcon_core.environment:checking '/home/student/ros2_ws/install/camera_click_teleop/lib/python3.10/site-packages'
[2.167s] Level 1:colcon.colcon_core.shell:create_environment_hook('camera_click_teleop', 'pythonpath')
[2.167s] INFO:colcon.colcon_core.shell:Creating environment hook '/home/student/ros2_ws/install/camera_click_teleop/share/camera_click_teleop/hook/pythonpath.ps1'
[2.167s] INFO:colcon.colcon_core.shell:Creating environment descriptor '/home/student/ros2_ws/install/camera_click_teleop/share/camera_click_teleop/hook/pythonpath.dsv'
[2.167s] INFO:colcon.colcon_core.shell:Creating environment hook '/home/student/ros2_ws/install/camera_click_teleop/share/camera_click_teleop/hook/pythonpath.sh'
[2.168s] Level 1:colcon.colcon_core.environment:checking '/home/student/ros2_ws/install/camera_click_teleop/bin'
[2.168s] Level 1:colcon.colcon_core.environment:create_environment_scripts_only(camera_click_teleop)
[2.169s] INFO:colcon.colcon_core.shell:Creating package script '/home/student/ros2_ws/install/camera_click_teleop/share/camera_click_teleop/package.ps1'
[2.170s] INFO:colcon.colcon_core.shell:Creating package descriptor '/home/student/ros2_ws/install/camera_click_teleop/share/camera_click_teleop/package.dsv'
[2.171s] INFO:colcon.colcon_core.shell:Creating package script '/home/student/ros2_ws/install/camera_click_teleop/share/camera_click_teleop/package.sh'
[2.172s] INFO:colcon.colcon_core.shell:Creating package script '/home/student/ros2_ws/install/camera_click_teleop/share/camera_click_teleop/package.bash'
[2.173s] INFO:colcon.colcon_core.shell:Creating package script '/home/student/ros2_ws/install/camera_click_teleop/share/camera_click_teleop/package.zsh'
[2.174s] Level 1:colcon.colcon_core.environment:create_file_with_runtime_dependencies(/home/student/ros2_ws/install/camera_click_teleop/share/colcon-core/packages/camera_click_teleop)
[2.175s] Level 1:colcon.colcon_core.environment:checking '/home/student/ros2_ws/install/camera_subscriber' for CMake module files
[2.176s] DEBUG:colcon.colcon_core.event_handler.log_command:Invoked command in '/home/student/ros2_ws/src/camera_subscriber' returned '0': PYTHONPATH=/home/student/ros2_ws/build/camera_subscriber/prefix_override:/usr/lib/python3/dist-packages/colcon_core/task/python/colcon_distutils_commands:/home/student/ros2_ws/install/camera_subscriber/lib/python3.10/site-packages:${PYTHONPATH} /usr/bin/python3 -W ignore:setup.py install is deprecated -W ignore:easy_install command is deprecated setup.py egg_info --egg-base ../../build/camera_subscriber build --build-base /home/student/ros2_ws/build/camera_subscriber/build install --record /home/student/ros2_ws/build/camera_subscriber/install.log --single-version-externally-managed install_data
[2.176s] Level 1:colcon.colcon_core.environment:checking '/home/student/ros2_ws/install/camera_subscriber' for CMake config files
[2.177s] Level 1:colcon.colcon_core.environment:checking '/home/student/ros2_ws/install/camera_subscriber/lib'
[2.177s] Level 1:colcon.colcon_core.environment:checking '/home/student/ros2_ws/install/camera_subscriber/bin'
[2.177s] Level 1:colcon.colcon_core.environment:checking '/home/student/ros2_ws/install/camera_subscriber/lib/pkgconfig/camera_subscriber.pc'
[2.177s] Level 1:colcon.colcon_core.environment:checking '/home/student/ros2_ws/install/camera_subscriber/lib/python3.10/site-packages'
[2.177s] Level 1:colcon.colcon_core.shell:create_environment_hook('camera_subscriber', 'pythonpath')
[2.178s] INFO:colcon.colcon_core.shell:Creating environment hook '/home/student/ros2_ws/install/camera_subscriber/share/camera_subscriber/hook/pythonpath.ps1'
[2.178s] INFO:colcon.colcon_core.shell:Creating environment descriptor '/home/student/ros2_ws/install/camera_subscriber/share/camera_subscriber/hook/pythonpath.dsv'
[2.178s] INFO:colcon.colcon_core.shell:Creating environment hook '/home/student/ros2_ws/install/camera_subscriber/share/camera_subscriber/hook/pythonpath.sh'
[2.179s] Level 1:colcon.colcon_core.environment:checking '/home/student/ros2_ws/install/camera_subscriber/bin'
[2.179s] Level 1:colcon.colcon_core.environment:create_environment_scripts_only(camera_subscriber)
[2.179s] INFO:colcon.colcon_core.shell:Creating package script '/home/student/ros2_ws/install/camera_subscriber/share/camera_subscriber/package.ps1'
[2.180s] INFO:colcon.colcon_core.shell:Creating package descriptor '/home/student/ros2_ws/install/camera_subscriber/share/camera_subscriber/package.dsv'
[2.180s] INFO:colcon.colcon_core.shell:Creating package script '/home/student/ros2_ws/install/camera_subscriber/share/camera_subscriber/package.sh'
[2.181s] INFO:colcon.colcon_core.shell:Creating package script '/home/student/ros2_ws/install/camera_subscriber/share/camera_subscriber/package.bash'
[2.181s] INFO:colcon.colcon_core.shell:Creating package script '/home/student/ros2_ws/install/camera_subscriber/share/camera_subscriber/package.zsh'
[2.181s] Level 1:colcon.colcon_core.environment:create_file_with_runtime_dependencies(/home/student/ros2_ws/install/camera_subscriber/share/colcon-core/packages/camera_subscriber)
[2.181s] DEBUG:colcon.colcon_parallel_executor.executor.parallel:closing loop
[2.182s] DEBUG:colcon.colcon_parallel_executor.executor.parallel:loop closed
[2.182s] DEBUG:colcon.colcon_parallel_executor.executor.parallel:run_until_complete finished with '0'
[2.182s] DEBUG:colcon.colcon_core.event_reactor:joining thread
[2.188s] INFO:colcon.colcon_core.plugin_system:Skipping extension 'colcon_notification.desktop_notification.terminal_notifier': Not used on non-Darwin systems
[2.188s] INFO:colcon.colcon_core.plugin_system:Skipping extension 'colcon_notification.desktop_notification.win32': Not used on non-Windows systems
[2.188s] INFO:colcon.colcon_notification.desktop_notification:Sending desktop notification using 'notify2'
[2.203s] DEBUG:colcon.colcon_core.event_reactor:joined thread
[2.203s] INFO:colcon.colcon_core.shell:Creating prefix script '/home/student/ros2_ws/install/local_setup.ps1'
[2.204s] INFO:colcon.colcon_core.shell:Creating prefix util module '/home/student/ros2_ws/install/_local_setup_util_ps1.py'
[2.206s] INFO:colcon.colcon_core.shell:Creating prefix chain script '/home/student/ros2_ws/install/setup.ps1'
[2.208s] INFO:colcon.colcon_core.shell:Creating prefix script '/home/student/ros2_ws/install/local_setup.sh'
[2.208s] INFO:colcon.colcon_core.shell:Creating prefix util module '/home/student/ros2_ws/install/_local_setup_util_sh.py'
[2.209s] INFO:colcon.colcon_core.shell:Creating prefix chain script '/home/student/ros2_ws/install/setup.sh'
[2.210s] INFO:colcon.colcon_core.shell:Creating prefix script '/home/student/ros2_ws/install/local_setup.bash'
[2.211s] INFO:colcon.colcon_core.shell:Creating prefix chain script '/home/student/ros2_ws/install/setup.bash'
[2.211s] INFO:colcon.colcon_core.shell:Creating prefix script '/home/student/ros2_ws/install/local_setup.zsh'
[2.212s] INFO:colcon.colcon_core.shell:Creating prefix chain script '/home/student/ros2_ws/install/setup.zsh'
