/home/student/ros2_ws/install/sensors_demos_gazebo/lib/python3.10/site-packages/sensors_demos_gazebo/__init__.py
/home/student/ros2_ws/install/sensors_demos_gazebo/lib/python3.10/site-packages/sensors_demos_gazebo/__pycache__/__init__.cpython-310.pyc
/home/student/ros2_ws/install/sensors_demos_gazebo/share/ament_index/resource_index/packages/sensors_demos_gazebo
/home/student/ros2_ws/install/sensors_demos_gazebo/share/sensors_demos_gazebo/package.xml
/home/student/ros2_ws/install/sensors_demos_gazebo/share/sensors_demos_gazebo/kinect_launch.py
/home/student/ros2_ws/install/sensors_demos_gazebo/share/sensors_demos_gazebo/hokuyo_launch.py
/home/student/ros2_ws/install/sensors_demos_gazebo/share/sensors_demos_gazebo/ultrasonic_launch.py
/home/student/ros2_ws/install/sensors_demos_gazebo/share/sensors_demos_gazebo/imu_launch.py
/home/student/ros2_ws/install/sensors_demos_gazebo/share/sensors_demos_gazebo/ultrasonic.urdf.xacro
/home/student/ros2_ws/install/sensors_demos_gazebo/share/sensors_demos_gazebo/kinect.urdf.xacro
/home/student/ros2_ws/install/sensors_demos_gazebo/share/sensors_demos_gazebo/imu.urdf.xacro
/home/student/ros2_ws/install/sensors_demos_gazebo/share/sensors_demos_gazebo/hokuyo.urdf.xacro
/home/student/ros2_ws/install/sensors_demos_gazebo/share/sensors_demos_gazebo/meshes/kinect.dae
/home/student/ros2_ws/install/sensors_demos_gazebo/share/sensors_demos_gazebo/meshes/utm30.dae
/home/student/ros2_ws/install/sensors_demos_gazebo/lib/python3.10/site-packages/sensors_demos_gazebo-0.0.0-py3.10.egg-info/top_level.txt
/home/student/ros2_ws/install/sensors_demos_gazebo/lib/python3.10/site-packages/sensors_demos_gazebo-0.0.0-py3.10.egg-info/dependency_links.txt
/home/student/ros2_ws/install/sensors_demos_gazebo/lib/python3.10/site-packages/sensors_demos_gazebo-0.0.0-py3.10.egg-info/PKG-INFO
/home/student/ros2_ws/install/sensors_demos_gazebo/lib/python3.10/site-packages/sensors_demos_gazebo-0.0.0-py3.10.egg-info/entry_points.txt
/home/student/ros2_ws/install/sensors_demos_gazebo/lib/python3.10/site-packages/sensors_demos_gazebo-0.0.0-py3.10.egg-info/zip-safe
/home/student/ros2_ws/install/sensors_demos_gazebo/lib/python3.10/site-packages/sensors_demos_gazebo-0.0.0-py3.10.egg-info/SOURCES.txt
/home/student/ros2_ws/install/sensors_demos_gazebo/lib/python3.10/site-packages/sensors_demos_gazebo-0.0.0-py3.10.egg-info/requires.txt
