[0.110s] DEBUG:colcon:Command line arguments: ['/usr/bin/colcon', 'build']
[0.111s] DEBUG:colcon:Parsed command line arguments: Namespace(log_base=None, log_level=None, verb_name='build', build_base='build', install_base='install', merge_install=False, symlink_install=False, test_result_base=None, continue_on_error=False, executor='parallel', parallel_workers=4, event_handlers=None, ignore_user_meta=False, metas=['./colcon.meta'], base_paths=['.'], packages_ignore=None, packages_ignore_regex=None, paths=None, packages_up_to=None, packages_up_to_regex=None, packages_above=None, packages_above_and_dependencies=None, packages_above_depth=None, packages_select_by_dep=None, packages_skip_by_dep=None, packages_skip_up_to=None, packages_select_build_failed=False, packages_skip_build_finished=False, packages_select_test_failures=False, packages_skip_test_passed=False, packages_select=None, packages_skip=None, packages_select_regex=None, packages_skip_regex=None, packages_start=None, packages_end=None, allow_overriding=[], cmake_args=None, cmake_target=None, cmake_target_skip_unavailable=False, cmake_clean_cache=False, cmake_clean_first=False, cmake_force_configure=False, ament_cmake_args=None, catkin_cmake_args=None, catkin_skip_building_tests=False, verb_parser=<colcon_defaults.argument_parser.defaults.DefaultArgumentsDecorator object at 0x7bbea9d62350>, verb_extension=<colcon_core.verb.build.BuildVerb object at 0x7bbea9eebc10>, main=<bound method BuildVerb.main of <colcon_core.verb.build.BuildVerb object at 0x7bbea9eebc10>>)
[0.299s] Level 1:colcon.colcon_core.package_discovery:discover_packages(colcon_meta) check parameters
[0.299s] Level 1:colcon.colcon_core.package_discovery:discover_packages(recursive) check parameters
[0.299s] Level 1:colcon.colcon_core.package_discovery:discover_packages(ignore) check parameters
[0.299s] Level 1:colcon.colcon_core.package_discovery:discover_packages(path) check parameters
[0.299s] Level 1:colcon.colcon_core.package_discovery:discover_packages(colcon_meta) discover
[0.299s] Level 1:colcon.colcon_core.package_discovery:discover_packages(recursive) discover
[0.299s] INFO:colcon.colcon_core.package_discovery:Crawling recursively for packages in '/home/student/ros2_ws'
[0.299s] Level 1:colcon.colcon_core.package_identification:_identify(.) by extensions ['ignore', 'ignore_ament_install']
[0.299s] Level 1:colcon.colcon_core.package_identification:_identify(.) by extension 'ignore'
[0.299s] Level 1:colcon.colcon_core.package_identification:_identify(.) by extension 'ignore_ament_install'
[0.299s] Level 1:colcon.colcon_core.package_identification:_identify(.) by extensions ['colcon_pkg']
[0.299s] Level 1:colcon.colcon_core.package_identification:_identify(.) by extension 'colcon_pkg'
[0.299s] Level 1:colcon.colcon_core.package_identification:_identify(.) by extensions ['colcon_meta']
[0.299s] Level 1:colcon.colcon_core.package_identification:_identify(.) by extension 'colcon_meta'
[0.299s] Level 1:colcon.colcon_core.package_identification:_identify(.) by extensions ['ros']
[0.299s] Level 1:colcon.colcon_core.package_identification:_identify(.) by extension 'ros'
[0.310s] Level 1:colcon.colcon_core.package_identification:_identify(.) by extensions ['cmake', 'python']
[0.310s] Level 1:colcon.colcon_core.package_identification:_identify(.) by extension 'cmake'
[0.310s] Level 1:colcon.colcon_core.package_identification:_identify(.) by extension 'python'
[0.310s] Level 1:colcon.colcon_core.package_identification:_identify(.) by extensions ['python_setup_py']
[0.310s] Level 1:colcon.colcon_core.package_identification:_identify(.) by extension 'python_setup_py'
[0.310s] Level 1:colcon.colcon_core.package_identification:_identify(build) by extensions ['ignore', 'ignore_ament_install']
[0.310s] Level 1:colcon.colcon_core.package_identification:_identify(build) by extension 'ignore'
[0.310s] Level 1:colcon.colcon_core.package_identification:_identify(build) ignored
[0.310s] Level 1:colcon.colcon_core.package_identification:_identify(install) by extensions ['ignore', 'ignore_ament_install']
[0.311s] Level 1:colcon.colcon_core.package_identification:_identify(install) by extension 'ignore'
[0.311s] Level 1:colcon.colcon_core.package_identification:_identify(install) ignored
[0.311s] Level 1:colcon.colcon_core.package_identification:_identify(log) by extensions ['ignore', 'ignore_ament_install']
[0.311s] Level 1:colcon.colcon_core.package_identification:_identify(log) by extension 'ignore'
[0.311s] Level 1:colcon.colcon_core.package_identification:_identify(log) ignored
[0.311s] Level 1:colcon.colcon_core.package_identification:_identify(ros2_camera_robot_interface) by extensions ['ignore', 'ignore_ament_install']
[0.311s] Level 1:colcon.colcon_core.package_identification:_identify(ros2_camera_robot_interface) by extension 'ignore'
[0.311s] Level 1:colcon.colcon_core.package_identification:_identify(ros2_camera_robot_interface) by extension 'ignore_ament_install'
[0.311s] Level 1:colcon.colcon_core.package_identification:_identify(ros2_camera_robot_interface) by extensions ['colcon_pkg']
[0.311s] Level 1:colcon.colcon_core.package_identification:_identify(ros2_camera_robot_interface) by extension 'colcon_pkg'
[0.311s] Level 1:colcon.colcon_core.package_identification:_identify(ros2_camera_robot_interface) by extensions ['colcon_meta']
[0.311s] Level 1:colcon.colcon_core.package_identification:_identify(ros2_camera_robot_interface) by extension 'colcon_meta'
[0.311s] Level 1:colcon.colcon_core.package_identification:_identify(ros2_camera_robot_interface) by extensions ['ros']
[0.311s] Level 1:colcon.colcon_core.package_identification:_identify(ros2_camera_robot_interface) by extension 'ros'
[0.311s] Level 1:colcon.colcon_core.package_identification:_identify(ros2_camera_robot_interface) by extensions ['cmake', 'python']
[0.311s] Level 1:colcon.colcon_core.package_identification:_identify(ros2_camera_robot_interface) by extension 'cmake'
[0.311s] Level 1:colcon.colcon_core.package_identification:_identify(ros2_camera_robot_interface) by extension 'python'
[0.312s] Level 1:colcon.colcon_core.package_identification:_identify(ros2_camera_robot_interface) by extensions ['python_setup_py']
[0.312s] Level 1:colcon.colcon_core.package_identification:_identify(ros2_camera_robot_interface) by extension 'python_setup_py'
[0.312s] Level 1:colcon.colcon_core.package_identification:_identify(ros2_camera_robot_interface/ros2_ws) by extensions ['ignore', 'ignore_ament_install']
[0.312s] Level 1:colcon.colcon_core.package_identification:_identify(ros2_camera_robot_interface/ros2_ws) by extension 'ignore'
[0.312s] Level 1:colcon.colcon_core.package_identification:_identify(ros2_camera_robot_interface/ros2_ws) by extension 'ignore_ament_install'
[0.312s] Level 1:colcon.colcon_core.package_identification:_identify(ros2_camera_robot_interface/ros2_ws) by extensions ['colcon_pkg']
[0.312s] Level 1:colcon.colcon_core.package_identification:_identify(ros2_camera_robot_interface/ros2_ws) by extension 'colcon_pkg'
[0.312s] Level 1:colcon.colcon_core.package_identification:_identify(ros2_camera_robot_interface/ros2_ws) by extensions ['colcon_meta']
[0.312s] Level 1:colcon.colcon_core.package_identification:_identify(ros2_camera_robot_interface/ros2_ws) by extension 'colcon_meta'
[0.312s] Level 1:colcon.colcon_core.package_identification:_identify(ros2_camera_robot_interface/ros2_ws) by extensions ['ros']
[0.312s] Level 1:colcon.colcon_core.package_identification:_identify(ros2_camera_robot_interface/ros2_ws) by extension 'ros'
[0.312s] Level 1:colcon.colcon_core.package_identification:_identify(ros2_camera_robot_interface/ros2_ws) by extensions ['cmake', 'python']
[0.312s] Level 1:colcon.colcon_core.package_identification:_identify(ros2_camera_robot_interface/ros2_ws) by extension 'cmake'
[0.312s] Level 1:colcon.colcon_core.package_identification:_identify(ros2_camera_robot_interface/ros2_ws) by extension 'python'
[0.312s] Level 1:colcon.colcon_core.package_identification:_identify(ros2_camera_robot_interface/ros2_ws) by extensions ['python_setup_py']
[0.312s] Level 1:colcon.colcon_core.package_identification:_identify(ros2_camera_robot_interface/ros2_ws) by extension 'python_setup_py'
[0.312s] Level 1:colcon.colcon_core.package_identification:_identify(ros2_camera_robot_interface/ros2_ws/install) by extensions ['ignore', 'ignore_ament_install']
[0.312s] Level 1:colcon.colcon_core.package_identification:_identify(ros2_camera_robot_interface/ros2_ws/install) by extension 'ignore'
[0.312s] Level 1:colcon.colcon_core.package_identification:_identify(ros2_camera_robot_interface/ros2_ws/install) ignored
[0.313s] Level 1:colcon.colcon_core.package_identification:_identify(ros2_camera_robot_interface/ros2_ws/log) by extensions ['ignore', 'ignore_ament_install']
[0.313s] Level 1:colcon.colcon_core.package_identification:_identify(ros2_camera_robot_interface/ros2_ws/log) by extension 'ignore'
[0.313s] Level 1:colcon.colcon_core.package_identification:_identify(ros2_camera_robot_interface/ros2_ws/log) ignored
[0.313s] Level 1:colcon.colcon_core.package_identification:_identify(ros2_camera_robot_interface/ros2_ws/src) by extensions ['ignore', 'ignore_ament_install']
[0.313s] Level 1:colcon.colcon_core.package_identification:_identify(ros2_camera_robot_interface/ros2_ws/src) by extension 'ignore'
[0.313s] Level 1:colcon.colcon_core.package_identification:_identify(ros2_camera_robot_interface/ros2_ws/src) by extension 'ignore_ament_install'
[0.313s] Level 1:colcon.colcon_core.package_identification:_identify(ros2_camera_robot_interface/ros2_ws/src) by extensions ['colcon_pkg']
[0.313s] Level 1:colcon.colcon_core.package_identification:_identify(ros2_camera_robot_interface/ros2_ws/src) by extension 'colcon_pkg'
[0.313s] Level 1:colcon.colcon_core.package_identification:_identify(ros2_camera_robot_interface/ros2_ws/src) by extensions ['colcon_meta']
[0.313s] Level 1:colcon.colcon_core.package_identification:_identify(ros2_camera_robot_interface/ros2_ws/src) by extension 'colcon_meta'
[0.313s] Level 1:colcon.colcon_core.package_identification:_identify(ros2_camera_robot_interface/ros2_ws/src) by extensions ['ros']
[0.313s] Level 1:colcon.colcon_core.package_identification:_identify(ros2_camera_robot_interface/ros2_ws/src) by extension 'ros'
[0.313s] Level 1:colcon.colcon_core.package_identification:_identify(ros2_camera_robot_interface/ros2_ws/src) by extensions ['cmake', 'python']
[0.313s] Level 1:colcon.colcon_core.package_identification:_identify(ros2_camera_robot_interface/ros2_ws/src) by extension 'cmake'
[0.313s] Level 1:colcon.colcon_core.package_identification:_identify(ros2_camera_robot_interface/ros2_ws/src) by extension 'python'
[0.313s] Level 1:colcon.colcon_core.package_identification:_identify(ros2_camera_robot_interface/ros2_ws/src) by extensions ['python_setup_py']
[0.313s] Level 1:colcon.colcon_core.package_identification:_identify(ros2_camera_robot_interface/ros2_ws/src) by extension 'python_setup_py'
[0.313s] Level 1:colcon.colcon_core.package_identification:_identify(ros2_camera_robot_interface/ros2_ws/src/camera_click_teleop) by extensions ['ignore', 'ignore_ament_install']
[0.313s] Level 1:colcon.colcon_core.package_identification:_identify(ros2_camera_robot_interface/ros2_ws/src/camera_click_teleop) by extension 'ignore'
[0.314s] Level 1:colcon.colcon_core.package_identification:_identify(ros2_camera_robot_interface/ros2_ws/src/camera_click_teleop) by extension 'ignore_ament_install'
[0.314s] Level 1:colcon.colcon_core.package_identification:_identify(ros2_camera_robot_interface/ros2_ws/src/camera_click_teleop) by extensions ['colcon_pkg']
[0.314s] Level 1:colcon.colcon_core.package_identification:_identify(ros2_camera_robot_interface/ros2_ws/src/camera_click_teleop) by extension 'colcon_pkg'
[0.314s] Level 1:colcon.colcon_core.package_identification:_identify(ros2_camera_robot_interface/ros2_ws/src/camera_click_teleop) by extensions ['colcon_meta']
[0.314s] Level 1:colcon.colcon_core.package_identification:_identify(ros2_camera_robot_interface/ros2_ws/src/camera_click_teleop) by extension 'colcon_meta'
[0.314s] Level 1:colcon.colcon_core.package_identification:_identify(ros2_camera_robot_interface/ros2_ws/src/camera_click_teleop) by extensions ['ros']
[0.314s] Level 1:colcon.colcon_core.package_identification:_identify(ros2_camera_robot_interface/ros2_ws/src/camera_click_teleop) by extension 'ros'
[0.316s] DEBUG:colcon.colcon_core.package_identification:Package 'ros2_camera_robot_interface/ros2_ws/src/camera_click_teleop' with type 'ros.ament_python' and name 'camera_click_teleop'
[0.317s] Level 1:colcon.colcon_core.package_identification:_identify(src) by extensions ['ignore', 'ignore_ament_install']
[0.317s] Level 1:colcon.colcon_core.package_identification:_identify(src) by extension 'ignore'
[0.317s] Level 1:colcon.colcon_core.package_identification:_identify(src) by extension 'ignore_ament_install'
[0.317s] Level 1:colcon.colcon_core.package_identification:_identify(src) by extensions ['colcon_pkg']
[0.317s] Level 1:colcon.colcon_core.package_identification:_identify(src) by extension 'colcon_pkg'
[0.317s] Level 1:colcon.colcon_core.package_identification:_identify(src) by extensions ['colcon_meta']
[0.317s] Level 1:colcon.colcon_core.package_identification:_identify(src) by extension 'colcon_meta'
[0.317s] Level 1:colcon.colcon_core.package_identification:_identify(src) by extensions ['ros']
[0.317s] Level 1:colcon.colcon_core.package_identification:_identify(src) by extension 'ros'
[0.317s] Level 1:colcon.colcon_core.package_identification:_identify(src) by extensions ['cmake', 'python']
[0.317s] Level 1:colcon.colcon_core.package_identification:_identify(src) by extension 'cmake'
[0.317s] Level 1:colcon.colcon_core.package_identification:_identify(src) by extension 'python'
[0.317s] Level 1:colcon.colcon_core.package_identification:_identify(src) by extensions ['python_setup_py']
[0.317s] Level 1:colcon.colcon_core.package_identification:_identify(src) by extension 'python_setup_py'
[0.317s] Level 1:colcon.colcon_core.package_identification:_identify(src/camera_subscriber) by extensions ['ignore', 'ignore_ament_install']
[0.317s] Level 1:colcon.colcon_core.package_identification:_identify(src/camera_subscriber) by extension 'ignore'
[0.317s] Level 1:colcon.colcon_core.package_identification:_identify(src/camera_subscriber) by extension 'ignore_ament_install'
[0.318s] Level 1:colcon.colcon_core.package_identification:_identify(src/camera_subscriber) by extensions ['colcon_pkg']
[0.318s] Level 1:colcon.colcon_core.package_identification:_identify(src/camera_subscriber) by extension 'colcon_pkg'
[0.318s] Level 1:colcon.colcon_core.package_identification:_identify(src/camera_subscriber) by extensions ['colcon_meta']
[0.318s] Level 1:colcon.colcon_core.package_identification:_identify(src/camera_subscriber) by extension 'colcon_meta'
[0.318s] Level 1:colcon.colcon_core.package_identification:_identify(src/camera_subscriber) by extensions ['ros']
[0.318s] Level 1:colcon.colcon_core.package_identification:_identify(src/camera_subscriber) by extension 'ros'
[0.318s] DEBUG:colcon.colcon_core.package_identification:Package 'src/camera_subscriber' with type 'ros.ament_python' and name 'camera_subscriber'
[0.318s] Level 1:colcon.colcon_core.package_discovery:discover_packages(recursive) using defaults
[0.319s] Level 1:colcon.colcon_core.package_discovery:discover_packages(ignore) discover
[0.319s] Level 1:colcon.colcon_core.package_discovery:discover_packages(ignore) using defaults
[0.319s] Level 1:colcon.colcon_core.package_discovery:discover_packages(path) discover
[0.319s] Level 1:colcon.colcon_core.package_discovery:discover_packages(path) using defaults
[0.348s] Level 1:colcon.colcon_core.package_discovery:discover_packages(prefix_path) check parameters
[0.348s] Level 1:colcon.colcon_core.package_discovery:discover_packages(prefix_path) discover
[0.350s] DEBUG:colcon.colcon_installed_package_information.package_discovery:Found 4 installed packages in /home/student/ros2_ws/install
[0.352s] DEBUG:colcon.colcon_installed_package_information.package_discovery:Found 450 installed packages in /opt/ros/humble
[0.354s] Level 1:colcon.colcon_core.package_discovery:discover_packages(prefix_path) using defaults
[0.411s] Level 5:colcon.colcon_core.verb:set package 'camera_click_teleop' build argument 'cmake_args' from command line to 'None'
[0.411s] Level 5:colcon.colcon_core.verb:set package 'camera_click_teleop' build argument 'cmake_target' from command line to 'None'
[0.411s] Level 5:colcon.colcon_core.verb:set package 'camera_click_teleop' build argument 'cmake_target_skip_unavailable' from command line to 'False'
[0.411s] Level 5:colcon.colcon_core.verb:set package 'camera_click_teleop' build argument 'cmake_clean_cache' from command line to 'False'
[0.411s] Level 5:colcon.colcon_core.verb:set package 'camera_click_teleop' build argument 'cmake_clean_first' from command line to 'False'
[0.411s] Level 5:colcon.colcon_core.verb:set package 'camera_click_teleop' build argument 'cmake_force_configure' from command line to 'False'
[0.411s] Level 5:colcon.colcon_core.verb:set package 'camera_click_teleop' build argument 'ament_cmake_args' from command line to 'None'
[0.411s] Level 5:colcon.colcon_core.verb:set package 'camera_click_teleop' build argument 'catkin_cmake_args' from command line to 'None'
[0.411s] Level 5:colcon.colcon_core.verb:set package 'camera_click_teleop' build argument 'catkin_skip_building_tests' from command line to 'False'
[0.411s] DEBUG:colcon.colcon_core.verb:Building package 'camera_click_teleop' with the following arguments: {'ament_cmake_args': None, 'build_base': '/home/student/ros2_ws/build/camera_click_teleop', 'catkin_cmake_args': None, 'catkin_skip_building_tests': False, 'cmake_args': None, 'cmake_clean_cache': False, 'cmake_clean_first': False, 'cmake_force_configure': False, 'cmake_target': None, 'cmake_target_skip_unavailable': False, 'install_base': '/home/student/ros2_ws/install/camera_click_teleop', 'merge_install': False, 'path': '/home/student/ros2_ws/ros2_camera_robot_interface/ros2_ws/src/camera_click_teleop', 'symlink_install': False, 'test_result_base': None}
[0.412s] Level 5:colcon.colcon_core.verb:set package 'camera_subscriber' build argument 'cmake_args' from command line to 'None'
[0.412s] Level 5:colcon.colcon_core.verb:set package 'camera_subscriber' build argument 'cmake_target' from command line to 'None'
[0.412s] Level 5:colcon.colcon_core.verb:set package 'camera_subscriber' build argument 'cmake_target_skip_unavailable' from command line to 'False'
[0.412s] Level 5:colcon.colcon_core.verb:set package 'camera_subscriber' build argument 'cmake_clean_cache' from command line to 'False'
[0.412s] Level 5:colcon.colcon_core.verb:set package 'camera_subscriber' build argument 'cmake_clean_first' from command line to 'False'
[0.412s] Level 5:colcon.colcon_core.verb:set package 'camera_subscriber' build argument 'cmake_force_configure' from command line to 'False'
[0.412s] Level 5:colcon.colcon_core.verb:set package 'camera_subscriber' build argument 'ament_cmake_args' from command line to 'None'
[0.412s] Level 5:colcon.colcon_core.verb:set package 'camera_subscriber' build argument 'catkin_cmake_args' from command line to 'None'
[0.412s] Level 5:colcon.colcon_core.verb:set package 'camera_subscriber' build argument 'catkin_skip_building_tests' from command line to 'False'
[0.412s] DEBUG:colcon.colcon_core.verb:Building package 'camera_subscriber' with the following arguments: {'ament_cmake_args': None, 'build_base': '/home/student/ros2_ws/build/camera_subscriber', 'catkin_cmake_args': None, 'catkin_skip_building_tests': False, 'cmake_args': None, 'cmake_clean_cache': False, 'cmake_clean_first': False, 'cmake_force_configure': False, 'cmake_target': None, 'cmake_target_skip_unavailable': False, 'install_base': '/home/student/ros2_ws/install/camera_subscriber', 'merge_install': False, 'path': '/home/student/ros2_ws/src/camera_subscriber', 'symlink_install': False, 'test_result_base': None}
[0.412s] INFO:colcon.colcon_core.executor:Executing jobs using 'parallel' executor
[0.413s] DEBUG:colcon.colcon_parallel_executor.executor.parallel:run_until_complete
[0.413s] INFO:colcon.colcon_ros.task.ament_python.build:Building ROS package in '/home/student/ros2_ws/ros2_camera_robot_interface/ros2_ws/src/camera_click_teleop' with build type 'ament_python'
[0.413s] Level 1:colcon.colcon_core.shell:create_environment_hook('camera_click_teleop', 'ament_prefix_path')
[0.415s] INFO:colcon.colcon_core.plugin_system:Skipping extension 'colcon_core.shell.bat': Not used on non-Windows systems
[0.415s] INFO:colcon.colcon_core.shell:Creating environment hook '/home/student/ros2_ws/install/camera_click_teleop/share/camera_click_teleop/hook/ament_prefix_path.ps1'
[0.416s] INFO:colcon.colcon_core.shell:Creating environment descriptor '/home/student/ros2_ws/install/camera_click_teleop/share/camera_click_teleop/hook/ament_prefix_path.dsv'
[0.416s] INFO:colcon.colcon_core.shell:Creating environment hook '/home/student/ros2_ws/install/camera_click_teleop/share/camera_click_teleop/hook/ament_prefix_path.sh'
[0.417s] INFO:colcon.colcon_core.shell:Skip shell extension 'powershell' for command environment: Not usable outside of PowerShell
[0.418s] DEBUG:colcon.colcon_core.shell:Skip shell extension 'dsv' for command environment
[0.422s] INFO:colcon.colcon_ros.task.ament_python.build:Building ROS package in '/home/student/ros2_ws/src/camera_subscriber' with build type 'ament_python'
[0.422s] Level 1:colcon.colcon_core.shell:create_environment_hook('camera_subscriber', 'ament_prefix_path')
[0.422s] INFO:colcon.colcon_core.shell:Creating environment hook '/home/student/ros2_ws/install/camera_subscriber/share/camera_subscriber/hook/ament_prefix_path.ps1'
[0.423s] INFO:colcon.colcon_core.shell:Creating environment descriptor '/home/student/ros2_ws/install/camera_subscriber/share/camera_subscriber/hook/ament_prefix_path.dsv'
[0.423s] INFO:colcon.colcon_core.shell:Creating environment hook '/home/student/ros2_ws/install/camera_subscriber/share/camera_subscriber/hook/ament_prefix_path.sh'
[0.424s] INFO:colcon.colcon_core.shell:Skip shell extension 'powershell' for command environment: Not usable outside of PowerShell
[0.424s] DEBUG:colcon.colcon_core.shell:Skip shell extension 'dsv' for command environment
[0.698s] INFO:colcon.colcon_core.task.python.build:Building Python package in '/home/student/ros2_ws/ros2_camera_robot_interface/ros2_ws/src/camera_click_teleop'
[0.698s] INFO:colcon.colcon_core.shell:Skip shell extension 'powershell' for command environment: Not usable outside of PowerShell
[0.698s] DEBUG:colcon.colcon_core.shell:Skip shell extension 'dsv' for command environment
[0.976s] INFO:colcon.colcon_core.task.python.build:Building Python package in '/home/student/ros2_ws/src/camera_subscriber'
[0.976s] INFO:colcon.colcon_core.shell:Skip shell extension 'powershell' for command environment: Not usable outside of PowerShell
[0.976s] DEBUG:colcon.colcon_core.shell:Skip shell extension 'dsv' for command environment
[1.367s] DEBUG:colcon.colcon_core.event_handler.log_command:Invoking command in '/home/student/ros2_ws/ros2_camera_robot_interface/ros2_ws/src/camera_click_teleop': PYTHONPATH=/home/student/ros2_ws/build/camera_click_teleop/prefix_override:/usr/lib/python3/dist-packages/colcon_core/task/python/colcon_distutils_commands:/home/student/ros2_ws/install/camera_click_teleop/lib/python3.10/site-packages:${PYTHONPATH} /usr/bin/python3 -W ignore:setup.py install is deprecated -W ignore:easy_install command is deprecated setup.py egg_info --egg-base ../../../../build/camera_click_teleop build --build-base /home/student/ros2_ws/build/camera_click_teleop/build install --record /home/student/ros2_ws/build/camera_click_teleop/install.log --single-version-externally-managed install_data
[1.370s] DEBUG:colcon.colcon_core.event_handler.log_command:Invoking command in '/home/student/ros2_ws/src/camera_subscriber': PYTHONPATH=/home/student/ros2_ws/build/camera_subscriber/prefix_override:/usr/lib/python3/dist-packages/colcon_core/task/python/colcon_distutils_commands:/home/student/ros2_ws/install/camera_subscriber/lib/python3.10/site-packages:${PYTHONPATH} /usr/bin/python3 -W ignore:setup.py install is deprecated -W ignore:easy_install command is deprecated setup.py egg_info --egg-base ../../build/camera_subscriber build --build-base /home/student/ros2_ws/build/camera_subscriber/build install --record /home/student/ros2_ws/build/camera_subscriber/install.log --single-version-externally-managed install_data
[1.685s] DEBUG:colcon.colcon_core.event_handler.log_command:Invoked command in '/home/student/ros2_ws/ros2_camera_robot_interface/ros2_ws/src/camera_click_teleop' returned '0': PYTHONPATH=/home/student/ros2_ws/build/camera_click_teleop/prefix_override:/usr/lib/python3/dist-packages/colcon_core/task/python/colcon_distutils_commands:/home/student/ros2_ws/install/camera_click_teleop/lib/python3.10/site-packages:${PYTHONPATH} /usr/bin/python3 -W ignore:setup.py install is deprecated -W ignore:easy_install command is deprecated setup.py egg_info --egg-base ../../../../build/camera_click_teleop build --build-base /home/student/ros2_ws/build/camera_click_teleop/build install --record /home/student/ros2_ws/build/camera_click_teleop/install.log --single-version-externally-managed install_data
[1.687s] Level 1:colcon.colcon_core.environment:checking '/home/student/ros2_ws/install/camera_click_teleop' for CMake module files
[1.687s] Level 1:colcon.colcon_core.environment:checking '/home/student/ros2_ws/install/camera_click_teleop' for CMake config files
[1.688s] Level 1:colcon.colcon_core.environment:checking '/home/student/ros2_ws/install/camera_click_teleop/lib'
[1.688s] Level 1:colcon.colcon_core.environment:checking '/home/student/ros2_ws/install/camera_click_teleop/bin'
[1.688s] Level 1:colcon.colcon_core.environment:checking '/home/student/ros2_ws/install/camera_click_teleop/lib/pkgconfig/camera_click_teleop.pc'
[1.688s] Level 1:colcon.colcon_core.environment:checking '/home/student/ros2_ws/install/camera_click_teleop/lib/python3.10/site-packages'
[1.688s] Level 1:colcon.colcon_core.shell:create_environment_hook('camera_click_teleop', 'pythonpath')
[1.689s] INFO:colcon.colcon_core.shell:Creating environment hook '/home/student/ros2_ws/install/camera_click_teleop/share/camera_click_teleop/hook/pythonpath.ps1'
[1.689s] INFO:colcon.colcon_core.shell:Creating environment descriptor '/home/student/ros2_ws/install/camera_click_teleop/share/camera_click_teleop/hook/pythonpath.dsv'
[1.689s] INFO:colcon.colcon_core.shell:Creating environment hook '/home/student/ros2_ws/install/camera_click_teleop/share/camera_click_teleop/hook/pythonpath.sh'
[1.690s] Level 1:colcon.colcon_core.environment:checking '/home/student/ros2_ws/install/camera_click_teleop/bin'
[1.690s] Level 1:colcon.colcon_core.environment:create_environment_scripts_only(camera_click_teleop)
[1.690s] INFO:colcon.colcon_core.shell:Creating package script '/home/student/ros2_ws/install/camera_click_teleop/share/camera_click_teleop/package.ps1'
[1.691s] INFO:colcon.colcon_core.shell:Creating package descriptor '/home/student/ros2_ws/install/camera_click_teleop/share/camera_click_teleop/package.dsv'
[1.692s] INFO:colcon.colcon_core.shell:Creating package script '/home/student/ros2_ws/install/camera_click_teleop/share/camera_click_teleop/package.sh'
[1.692s] INFO:colcon.colcon_core.shell:Creating package script '/home/student/ros2_ws/install/camera_click_teleop/share/camera_click_teleop/package.bash'
[1.693s] INFO:colcon.colcon_core.shell:Creating package script '/home/student/ros2_ws/install/camera_click_teleop/share/camera_click_teleop/package.zsh'
[1.694s] Level 1:colcon.colcon_core.environment:create_file_with_runtime_dependencies(/home/student/ros2_ws/install/camera_click_teleop/share/colcon-core/packages/camera_click_teleop)
[1.695s] Level 1:colcon.colcon_core.environment:checking '/home/student/ros2_ws/install/camera_subscriber' for CMake module files
[1.696s] DEBUG:colcon.colcon_core.event_handler.log_command:Invoked command in '/home/student/ros2_ws/src/camera_subscriber' returned '0': PYTHONPATH=/home/student/ros2_ws/build/camera_subscriber/prefix_override:/usr/lib/python3/dist-packages/colcon_core/task/python/colcon_distutils_commands:/home/student/ros2_ws/install/camera_subscriber/lib/python3.10/site-packages:${PYTHONPATH} /usr/bin/python3 -W ignore:setup.py install is deprecated -W ignore:easy_install command is deprecated setup.py egg_info --egg-base ../../build/camera_subscriber build --build-base /home/student/ros2_ws/build/camera_subscriber/build install --record /home/student/ros2_ws/build/camera_subscriber/install.log --single-version-externally-managed install_data
[1.696s] Level 1:colcon.colcon_core.environment:checking '/home/student/ros2_ws/install/camera_subscriber' for CMake config files
[1.696s] Level 1:colcon.colcon_core.environment:checking '/home/student/ros2_ws/install/camera_subscriber/lib'
[1.697s] Level 1:colcon.colcon_core.environment:checking '/home/student/ros2_ws/install/camera_subscriber/bin'
[1.697s] Level 1:colcon.colcon_core.environment:checking '/home/student/ros2_ws/install/camera_subscriber/lib/pkgconfig/camera_subscriber.pc'
[1.697s] Level 1:colcon.colcon_core.environment:checking '/home/student/ros2_ws/install/camera_subscriber/lib/python3.10/site-packages'
[1.697s] Level 1:colcon.colcon_core.shell:create_environment_hook('camera_subscriber', 'pythonpath')
[1.697s] INFO:colcon.colcon_core.shell:Creating environment hook '/home/student/ros2_ws/install/camera_subscriber/share/camera_subscriber/hook/pythonpath.ps1'
[1.697s] INFO:colcon.colcon_core.shell:Creating environment descriptor '/home/student/ros2_ws/install/camera_subscriber/share/camera_subscriber/hook/pythonpath.dsv'
[1.698s] INFO:colcon.colcon_core.shell:Creating environment hook '/home/student/ros2_ws/install/camera_subscriber/share/camera_subscriber/hook/pythonpath.sh'
[1.698s] Level 1:colcon.colcon_core.environment:checking '/home/student/ros2_ws/install/camera_subscriber/bin'
[1.699s] Level 1:colcon.colcon_core.environment:create_environment_scripts_only(camera_subscriber)
[1.699s] INFO:colcon.colcon_core.shell:Creating package script '/home/student/ros2_ws/install/camera_subscriber/share/camera_subscriber/package.ps1'
[1.699s] INFO:colcon.colcon_core.shell:Creating package descriptor '/home/student/ros2_ws/install/camera_subscriber/share/camera_subscriber/package.dsv'
[1.700s] INFO:colcon.colcon_core.shell:Creating package script '/home/student/ros2_ws/install/camera_subscriber/share/camera_subscriber/package.sh'
[1.700s] INFO:colcon.colcon_core.shell:Creating package script '/home/student/ros2_ws/install/camera_subscriber/share/camera_subscriber/package.bash'
[1.700s] INFO:colcon.colcon_core.shell:Creating package script '/home/student/ros2_ws/install/camera_subscriber/share/camera_subscriber/package.zsh'
[1.701s] Level 1:colcon.colcon_core.environment:create_file_with_runtime_dependencies(/home/student/ros2_ws/install/camera_subscriber/share/colcon-core/packages/camera_subscriber)
[1.701s] DEBUG:colcon.colcon_parallel_executor.executor.parallel:closing loop
[1.701s] DEBUG:colcon.colcon_parallel_executor.executor.parallel:loop closed
[1.702s] DEBUG:colcon.colcon_parallel_executor.executor.parallel:run_until_complete finished with '0'
[1.702s] DEBUG:colcon.colcon_core.event_reactor:joining thread
[1.706s] INFO:colcon.colcon_core.plugin_system:Skipping extension 'colcon_notification.desktop_notification.terminal_notifier': Not used on non-Darwin systems
[1.706s] INFO:colcon.colcon_core.plugin_system:Skipping extension 'colcon_notification.desktop_notification.win32': Not used on non-Windows systems
[1.707s] INFO:colcon.colcon_notification.desktop_notification:Sending desktop notification using 'notify2'
[1.718s] DEBUG:colcon.colcon_core.event_reactor:joined thread
[1.718s] INFO:colcon.colcon_core.shell:Creating prefix script '/home/student/ros2_ws/install/local_setup.ps1'
[1.719s] INFO:colcon.colcon_core.shell:Creating prefix util module '/home/student/ros2_ws/install/_local_setup_util_ps1.py'
[1.721s] INFO:colcon.colcon_core.shell:Creating prefix chain script '/home/student/ros2_ws/install/setup.ps1'
[1.723s] INFO:colcon.colcon_core.shell:Creating prefix script '/home/student/ros2_ws/install/local_setup.sh'
[1.723s] INFO:colcon.colcon_core.shell:Creating prefix util module '/home/student/ros2_ws/install/_local_setup_util_sh.py'
[1.724s] INFO:colcon.colcon_core.shell:Creating prefix chain script '/home/student/ros2_ws/install/setup.sh'
[1.725s] INFO:colcon.colcon_core.shell:Creating prefix script '/home/student/ros2_ws/install/local_setup.bash'
[1.725s] INFO:colcon.colcon_core.shell:Creating prefix chain script '/home/student/ros2_ws/install/setup.bash'
[1.727s] INFO:colcon.colcon_core.shell:Creating prefix script '/home/student/ros2_ws/install/local_setup.zsh'
[1.728s] INFO:colcon.colcon_core.shell:Creating prefix chain script '/home/student/ros2_ws/install/setup.zsh'
