[0.944s] Invoking command in '/home/student/ros2_ws/src/sensors_demos_gazebo': PYTHONPATH=/home/student/ros2_ws/build/sensors_demos_gazebo/prefix_override:/usr/lib/python3/dist-packages/colcon_core/task/python/colcon_distutils_commands:/home/student/ros2_ws/install/sensors_demos_gazebo/lib/python3.10/site-packages:${PYTHONPATH} /usr/bin/python3 -W ignore:setup.py install is deprecated -W ignore:easy_install command is deprecated setup.py egg_info --egg-base ../../build/sensors_demos_gazebo build --build-base /home/student/ros2_ws/build/sensors_demos_gazebo/build install --record /home/student/ros2_ws/build/sensors_demos_gazebo/install.log --install-scripts $base/lib/sensors_demos_gazebo --single-version-externally-managed install_data
[1.179s] /usr/lib/python3/dist-packages/setuptools/dist.py:723: UserWarning: Usage of dash-separated 'script-dir' will not be supported in future versions. Please use the underscore name 'script_dir' instead
[1.180s]   warnings.warn(
[1.187s] running egg_info
[1.188s] creating ../../build/sensors_demos_gazebo/sensors_demos_gazebo.egg-info
[1.188s] writing ../../build/sensors_demos_gazebo/sensors_demos_gazebo.egg-info/PKG-INFO
[1.189s] writing dependency_links to ../../build/sensors_demos_gazebo/sensors_demos_gazebo.egg-info/dependency_links.txt
[1.189s] writing entry points to ../../build/sensors_demos_gazebo/sensors_demos_gazebo.egg-info/entry_points.txt
[1.189s] writing requirements to ../../build/sensors_demos_gazebo/sensors_demos_gazebo.egg-info/requires.txt
[1.189s] writing top-level names to ../../build/sensors_demos_gazebo/sensors_demos_gazebo.egg-info/top_level.txt
[1.189s] writing manifest file '../../build/sensors_demos_gazebo/sensors_demos_gazebo.egg-info/SOURCES.txt'
[1.191s] reading manifest file '../../build/sensors_demos_gazebo/sensors_demos_gazebo.egg-info/SOURCES.txt'
[1.191s] writing manifest file '../../build/sensors_demos_gazebo/sensors_demos_gazebo.egg-info/SOURCES.txt'
[1.192s] running build
[1.192s] running build_py
[1.192s] creating /home/student/ros2_ws/build/sensors_demos_gazebo/build
[1.192s] creating /home/student/ros2_ws/build/sensors_demos_gazebo/build/lib
[1.192s] creating /home/student/ros2_ws/build/sensors_demos_gazebo/build/lib/sensors_demos_gazebo
[1.192s] copying sensors_demos_gazebo/__init__.py -> /home/student/ros2_ws/build/sensors_demos_gazebo/build/lib/sensors_demos_gazebo
[1.192s] running install
[1.192s] running install_lib
[1.194s] creating /home/student/ros2_ws/install/sensors_demos_gazebo/lib/python3.10/site-packages/sensors_demos_gazebo
[1.194s] copying /home/student/ros2_ws/build/sensors_demos_gazebo/build/lib/sensors_demos_gazebo/__init__.py -> /home/student/ros2_ws/install/sensors_demos_gazebo/lib/python3.10/site-packages/sensors_demos_gazebo
[1.194s] byte-compiling /home/student/ros2_ws/install/sensors_demos_gazebo/lib/python3.10/site-packages/sensors_demos_gazebo/__init__.py to __init__.cpython-310.pyc
[1.195s] running install_data
[1.195s] creating /home/student/ros2_ws/install/sensors_demos_gazebo/share/ament_index
[1.195s] creating /home/student/ros2_ws/install/sensors_demos_gazebo/share/ament_index/resource_index
[1.195s] creating /home/student/ros2_ws/install/sensors_demos_gazebo/share/ament_index/resource_index/packages
[1.195s] copying resource/sensors_demos_gazebo -> /home/student/ros2_ws/install/sensors_demos_gazebo/share/ament_index/resource_index/packages
[1.195s] copying package.xml -> /home/student/ros2_ws/install/sensors_demos_gazebo/share/sensors_demos_gazebo
[1.195s] copying launch/kinect_launch.py -> /home/student/ros2_ws/install/sensors_demos_gazebo/share/sensors_demos_gazebo
[1.195s] copying launch/hokuyo_launch.py -> /home/student/ros2_ws/install/sensors_demos_gazebo/share/sensors_demos_gazebo
[1.196s] copying launch/ultrasonic_launch.py -> /home/student/ros2_ws/install/sensors_demos_gazebo/share/sensors_demos_gazebo
[1.196s] copying launch/imu_launch.py -> /home/student/ros2_ws/install/sensors_demos_gazebo/share/sensors_demos_gazebo
[1.196s] copying urdf/ultrasonic.urdf.xacro -> /home/student/ros2_ws/install/sensors_demos_gazebo/share/sensors_demos_gazebo
[1.196s] copying urdf/kinect.urdf.xacro -> /home/student/ros2_ws/install/sensors_demos_gazebo/share/sensors_demos_gazebo
[1.196s] copying urdf/imu.urdf.xacro -> /home/student/ros2_ws/install/sensors_demos_gazebo/share/sensors_demos_gazebo
[1.196s] copying urdf/hokuyo.urdf.xacro -> /home/student/ros2_ws/install/sensors_demos_gazebo/share/sensors_demos_gazebo
[1.196s] creating /home/student/ros2_ws/install/sensors_demos_gazebo/share/sensors_demos_gazebo/meshes
[1.196s] copying meshes/kinect.dae -> /home/student/ros2_ws/install/sensors_demos_gazebo/share/sensors_demos_gazebo/meshes
[1.196s] copying meshes/utm30.dae -> /home/student/ros2_ws/install/sensors_demos_gazebo/share/sensors_demos_gazebo/meshes
[1.197s] running install_egg_info
[1.199s] Copying ../../build/sensors_demos_gazebo/sensors_demos_gazebo.egg-info to /home/student/ros2_ws/install/sensors_demos_gazebo/lib/python3.10/site-packages/sensors_demos_gazebo-0.0.0-py3.10.egg-info
[1.200s] running install_scripts
[1.221s] writing list of installed files to '/home/student/ros2_ws/build/sensors_demos_gazebo/install.log'
[1.247s] Invoked command in '/home/student/ros2_ws/src/sensors_demos_gazebo' returned '0': PYTHONPATH=/home/student/ros2_ws/build/sensors_demos_gazebo/prefix_override:/usr/lib/python3/dist-packages/colcon_core/task/python/colcon_distutils_commands:/home/student/ros2_ws/install/sensors_demos_gazebo/lib/python3.10/site-packages:${PYTHONPATH} /usr/bin/python3 -W ignore:setup.py install is deprecated -W ignore:easy_install command is deprecated setup.py egg_info --egg-base ../../build/sensors_demos_gazebo build --build-base /home/student/ros2_ws/build/sensors_demos_gazebo/build install --record /home/student/ros2_ws/build/sensors_demos_gazebo/install.log --install-scripts $base/lib/sensors_demos_gazebo --single-version-externally-managed install_data
