[0.235s] DEBUG:colcon:Command line arguments: ['/usr/bin/colcon', 'build']
[0.235s] DEBUG:colcon:Parsed command line arguments: Namespace(log_base=None, log_level=None, verb_name='build', build_base='build', install_base='install', merge_install=False, symlink_install=False, test_result_base=None, continue_on_error=False, executor='parallel', parallel_workers=4, event_handlers=None, ignore_user_meta=False, metas=['./colcon.meta'], base_paths=['.'], packages_ignore=None, packages_ignore_regex=None, paths=None, packages_up_to=None, packages_up_to_regex=None, packages_above=None, packages_above_and_dependencies=None, packages_above_depth=None, packages_select_by_dep=None, packages_skip_by_dep=None, packages_skip_up_to=None, packages_select_build_failed=False, packages_skip_build_finished=False, packages_select_test_failures=False, packages_skip_test_passed=False, packages_select=None, packages_skip=None, packages_select_regex=None, packages_skip_regex=None, packages_start=None, packages_end=None, allow_overriding=[], cmake_args=None, cmake_target=None, cmake_target_skip_unavailable=False, cmake_clean_cache=False, cmake_clean_first=False, cmake_force_configure=False, ament_cmake_args=None, catkin_cmake_args=None, catkin_skip_building_tests=False, verb_parser=<colcon_defaults.argument_parser.defaults.DefaultArgumentsDecorator object at 0x7ec30cd70640>, verb_extension=<colcon_core.verb.build.BuildVerb object at 0x7ec30ceddf30>, main=<bound method BuildVerb.main of <colcon_core.verb.build.BuildVerb object at 0x7ec30ceddf30>>)
[0.428s] Level 1:colcon.colcon_core.package_discovery:discover_packages(colcon_meta) check parameters
[0.428s] Level 1:colcon.colcon_core.package_discovery:discover_packages(recursive) check parameters
[0.428s] Level 1:colcon.colcon_core.package_discovery:discover_packages(ignore) check parameters
[0.428s] Level 1:colcon.colcon_core.package_discovery:discover_packages(path) check parameters
[0.428s] Level 1:colcon.colcon_core.package_discovery:discover_packages(colcon_meta) discover
[0.428s] Level 1:colcon.colcon_core.package_discovery:discover_packages(recursive) discover
[0.429s] INFO:colcon.colcon_core.package_discovery:Crawling recursively for packages in '/home/student/ros2_ws'
[0.429s] Level 1:colcon.colcon_core.package_identification:_identify(.) by extensions ['ignore', 'ignore_ament_install']
[0.429s] Level 1:colcon.colcon_core.package_identification:_identify(.) by extension 'ignore'
[0.429s] Level 1:colcon.colcon_core.package_identification:_identify(.) by extension 'ignore_ament_install'
[0.429s] Level 1:colcon.colcon_core.package_identification:_identify(.) by extensions ['colcon_pkg']
[0.429s] Level 1:colcon.colcon_core.package_identification:_identify(.) by extension 'colcon_pkg'
[0.429s] Level 1:colcon.colcon_core.package_identification:_identify(.) by extensions ['colcon_meta']
[0.429s] Level 1:colcon.colcon_core.package_identification:_identify(.) by extension 'colcon_meta'
[0.429s] Level 1:colcon.colcon_core.package_identification:_identify(.) by extensions ['ros']
[0.429s] Level 1:colcon.colcon_core.package_identification:_identify(.) by extension 'ros'
[0.439s] Level 1:colcon.colcon_core.package_identification:_identify(.) by extensions ['cmake', 'python']
[0.439s] Level 1:colcon.colcon_core.package_identification:_identify(.) by extension 'cmake'
[0.439s] Level 1:colcon.colcon_core.package_identification:_identify(.) by extension 'python'
[0.439s] Level 1:colcon.colcon_core.package_identification:_identify(.) by extensions ['python_setup_py']
[0.439s] Level 1:colcon.colcon_core.package_identification:_identify(.) by extension 'python_setup_py'
[0.440s] Level 1:colcon.colcon_core.package_identification:_identify(build) by extensions ['ignore', 'ignore_ament_install']
[0.440s] Level 1:colcon.colcon_core.package_identification:_identify(build) by extension 'ignore'
[0.440s] Level 1:colcon.colcon_core.package_identification:_identify(build) ignored
[0.440s] Level 1:colcon.colcon_core.package_identification:_identify(install) by extensions ['ignore', 'ignore_ament_install']
[0.440s] Level 1:colcon.colcon_core.package_identification:_identify(install) by extension 'ignore'
[0.440s] Level 1:colcon.colcon_core.package_identification:_identify(install) ignored
[0.440s] Level 1:colcon.colcon_core.package_identification:_identify(log) by extensions ['ignore', 'ignore_ament_install']
[0.440s] Level 1:colcon.colcon_core.package_identification:_identify(log) by extension 'ignore'
[0.440s] Level 1:colcon.colcon_core.package_identification:_identify(log) ignored
[0.440s] Level 1:colcon.colcon_core.package_identification:_identify(src) by extensions ['ignore', 'ignore_ament_install']
[0.440s] Level 1:colcon.colcon_core.package_identification:_identify(src) by extension 'ignore'
[0.440s] Level 1:colcon.colcon_core.package_identification:_identify(src) by extension 'ignore_ament_install'
[0.440s] Level 1:colcon.colcon_core.package_identification:_identify(src) by extensions ['colcon_pkg']
[0.440s] Level 1:colcon.colcon_core.package_identification:_identify(src) by extension 'colcon_pkg'
[0.440s] Level 1:colcon.colcon_core.package_identification:_identify(src) by extensions ['colcon_meta']
[0.440s] Level 1:colcon.colcon_core.package_identification:_identify(src) by extension 'colcon_meta'
[0.441s] Level 1:colcon.colcon_core.package_identification:_identify(src) by extensions ['ros']
[0.441s] Level 1:colcon.colcon_core.package_identification:_identify(src) by extension 'ros'
[0.441s] Level 1:colcon.colcon_core.package_identification:_identify(src) by extensions ['cmake', 'python']
[0.441s] Level 1:colcon.colcon_core.package_identification:_identify(src) by extension 'cmake'
[0.441s] Level 1:colcon.colcon_core.package_identification:_identify(src) by extension 'python'
[0.441s] Level 1:colcon.colcon_core.package_identification:_identify(src) by extensions ['python_setup_py']
[0.441s] Level 1:colcon.colcon_core.package_identification:_identify(src) by extension 'python_setup_py'
[0.441s] Level 1:colcon.colcon_core.package_identification:_identify(src/usb_cam) by extensions ['ignore', 'ignore_ament_install']
[0.441s] Level 1:colcon.colcon_core.package_identification:_identify(src/usb_cam) by extension 'ignore'
[0.441s] Level 1:colcon.colcon_core.package_identification:_identify(src/usb_cam) by extension 'ignore_ament_install'
[0.441s] Level 1:colcon.colcon_core.package_identification:_identify(src/usb_cam) by extensions ['colcon_pkg']
[0.441s] Level 1:colcon.colcon_core.package_identification:_identify(src/usb_cam) by extension 'colcon_pkg'
[0.441s] Level 1:colcon.colcon_core.package_identification:_identify(src/usb_cam) by extensions ['colcon_meta']
[0.441s] Level 1:colcon.colcon_core.package_identification:_identify(src/usb_cam) by extension 'colcon_meta'
[0.441s] Level 1:colcon.colcon_core.package_identification:_identify(src/usb_cam) by extensions ['ros']
[0.441s] Level 1:colcon.colcon_core.package_identification:_identify(src/usb_cam) by extension 'ros'
[0.444s] DEBUG:colcon.colcon_core.package_identification:Package 'src/usb_cam' with type 'ros.ament_cmake' and name 'usb_cam'
[0.444s] Level 1:colcon.colcon_core.package_discovery:discover_packages(recursive) using defaults
[0.444s] Level 1:colcon.colcon_core.package_discovery:discover_packages(ignore) discover
[0.444s] Level 1:colcon.colcon_core.package_discovery:discover_packages(ignore) using defaults
[0.444s] Level 1:colcon.colcon_core.package_discovery:discover_packages(path) discover
[0.444s] Level 1:colcon.colcon_core.package_discovery:discover_packages(path) using defaults
[0.486s] Level 1:colcon.colcon_core.package_discovery:discover_packages(prefix_path) check parameters
[0.486s] Level 1:colcon.colcon_core.package_discovery:discover_packages(prefix_path) discover
[0.491s] DEBUG:colcon.colcon_installed_package_information.package_discovery:Found 315 installed packages in /opt/ros/humble
[0.492s] Level 1:colcon.colcon_core.package_discovery:discover_packages(prefix_path) using defaults
[0.533s] Level 5:colcon.colcon_core.verb:set package 'usb_cam' build argument 'cmake_args' from command line to 'None'
[0.533s] Level 5:colcon.colcon_core.verb:set package 'usb_cam' build argument 'cmake_target' from command line to 'None'
[0.533s] Level 5:colcon.colcon_core.verb:set package 'usb_cam' build argument 'cmake_target_skip_unavailable' from command line to 'False'
[0.533s] Level 5:colcon.colcon_core.verb:set package 'usb_cam' build argument 'cmake_clean_cache' from command line to 'False'
[0.533s] Level 5:colcon.colcon_core.verb:set package 'usb_cam' build argument 'cmake_clean_first' from command line to 'False'
[0.533s] Level 5:colcon.colcon_core.verb:set package 'usb_cam' build argument 'cmake_force_configure' from command line to 'False'
[0.533s] Level 5:colcon.colcon_core.verb:set package 'usb_cam' build argument 'ament_cmake_args' from command line to 'None'
[0.533s] Level 5:colcon.colcon_core.verb:set package 'usb_cam' build argument 'catkin_cmake_args' from command line to 'None'
[0.533s] Level 5:colcon.colcon_core.verb:set package 'usb_cam' build argument 'catkin_skip_building_tests' from command line to 'False'
[0.533s] DEBUG:colcon.colcon_core.verb:Building package 'usb_cam' with the following arguments: {'ament_cmake_args': None, 'build_base': '/home/student/ros2_ws/build/usb_cam', 'catkin_cmake_args': None, 'catkin_skip_building_tests': False, 'cmake_args': None, 'cmake_clean_cache': False, 'cmake_clean_first': False, 'cmake_force_configure': False, 'cmake_target': None, 'cmake_target_skip_unavailable': False, 'install_base': '/home/student/ros2_ws/install/usb_cam', 'merge_install': False, 'path': '/home/student/ros2_ws/src/usb_cam', 'symlink_install': False, 'test_result_base': None}
[0.533s] INFO:colcon.colcon_core.executor:Executing jobs using 'parallel' executor
[0.534s] DEBUG:colcon.colcon_parallel_executor.executor.parallel:run_until_complete
[0.535s] INFO:colcon.colcon_ros.task.ament_cmake.build:Building ROS package in '/home/student/ros2_ws/src/usb_cam' with build type 'ament_cmake'
[0.535s] INFO:colcon.colcon_cmake.task.cmake.build:Building CMake package in '/home/student/ros2_ws/src/usb_cam'
[0.540s] INFO:colcon.colcon_core.plugin_system:Skipping extension 'colcon_core.shell.bat': Not used on non-Windows systems
[0.540s] INFO:colcon.colcon_core.shell:Skip shell extension 'powershell' for command environment: Not usable outside of PowerShell
[0.540s] DEBUG:colcon.colcon_core.shell:Skip shell extension 'dsv' for command environment
[0.546s] DEBUG:colcon.colcon_core.event_handler.log_command:Invoking command in '/home/student/ros2_ws/build/usb_cam': CMAKE_PREFIX_PATH=/opt/ros/humble /usr/bin/cmake /home/student/ros2_ws/src/usb_cam -DCMAKE_INSTALL_PREFIX=/home/student/ros2_ws/install/usb_cam
[2.727s] DEBUG:colcon.colcon_core.event_handler.log_command:Invoked command in '/home/student/ros2_ws/build/usb_cam' returned '0': CMAKE_PREFIX_PATH=/opt/ros/humble /usr/bin/cmake /home/student/ros2_ws/src/usb_cam -DCMAKE_INSTALL_PREFIX=/home/student/ros2_ws/install/usb_cam
[2.730s] DEBUG:colcon.colcon_core.event_handler.log_command:Invoking command in '/home/student/ros2_ws/build/usb_cam': CMAKE_PREFIX_PATH=/opt/ros/humble /usr/bin/cmake --build /home/student/ros2_ws/build/usb_cam -- -j4 -l4
[13.288s] DEBUG:colcon.colcon_core.event_handler.log_command:Invoked command in '/home/student/ros2_ws/build/usb_cam' returned '0': CMAKE_PREFIX_PATH=/opt/ros/humble /usr/bin/cmake --build /home/student/ros2_ws/build/usb_cam -- -j4 -l4
[13.297s] DEBUG:colcon.colcon_core.event_handler.log_command:Invoking command in '/home/student/ros2_ws/build/usb_cam': CMAKE_PREFIX_PATH=/opt/ros/humble /usr/bin/cmake --install /home/student/ros2_ws/build/usb_cam
[13.317s] Level 1:colcon.colcon_core.environment:create_environment_scripts_only(usb_cam)
[13.317s] DEBUG:colcon.colcon_core.event_handler.log_command:Invoked command in '/home/student/ros2_ws/build/usb_cam' returned '0': CMAKE_PREFIX_PATH=/opt/ros/humble /usr/bin/cmake --install /home/student/ros2_ws/build/usb_cam
[13.324s] Level 1:colcon.colcon_core.environment:checking '/home/student/ros2_ws/install/usb_cam' for CMake module files
[13.325s] Level 1:colcon.colcon_core.environment:checking '/home/student/ros2_ws/install/usb_cam' for CMake config files
[13.325s] Level 1:colcon.colcon_core.shell:create_environment_hook('usb_cam', 'cmake_prefix_path')
[13.325s] INFO:colcon.colcon_core.shell:Creating environment hook '/home/student/ros2_ws/install/usb_cam/share/usb_cam/hook/cmake_prefix_path.ps1'
[13.326s] INFO:colcon.colcon_core.shell:Creating environment descriptor '/home/student/ros2_ws/install/usb_cam/share/usb_cam/hook/cmake_prefix_path.dsv'
[13.327s] INFO:colcon.colcon_core.shell:Creating environment hook '/home/student/ros2_ws/install/usb_cam/share/usb_cam/hook/cmake_prefix_path.sh'
[13.328s] Level 1:colcon.colcon_core.environment:checking '/home/student/ros2_ws/install/usb_cam/lib'
[13.328s] Level 1:colcon.colcon_core.shell:create_environment_hook('usb_cam', 'ld_library_path_lib')
[13.328s] INFO:colcon.colcon_core.shell:Creating environment hook '/home/student/ros2_ws/install/usb_cam/share/usb_cam/hook/ld_library_path_lib.ps1'
[13.328s] INFO:colcon.colcon_core.shell:Creating environment descriptor '/home/student/ros2_ws/install/usb_cam/share/usb_cam/hook/ld_library_path_lib.dsv'
[13.329s] INFO:colcon.colcon_core.shell:Creating environment hook '/home/student/ros2_ws/install/usb_cam/share/usb_cam/hook/ld_library_path_lib.sh'
[13.329s] Level 1:colcon.colcon_core.environment:checking '/home/student/ros2_ws/install/usb_cam/bin'
[13.329s] Level 1:colcon.colcon_core.environment:checking '/home/student/ros2_ws/install/usb_cam/lib/pkgconfig/usb_cam.pc'
[13.329s] Level 1:colcon.colcon_core.environment:checking '/home/student/ros2_ws/install/usb_cam/lib/python3.10/site-packages'
[13.330s] Level 1:colcon.colcon_core.environment:checking '/home/student/ros2_ws/install/usb_cam/bin'
[13.330s] INFO:colcon.colcon_core.shell:Creating package script '/home/student/ros2_ws/install/usb_cam/share/usb_cam/package.ps1'
[13.331s] INFO:colcon.colcon_core.shell:Creating package descriptor '/home/student/ros2_ws/install/usb_cam/share/usb_cam/package.dsv'
[13.331s] INFO:colcon.colcon_core.shell:Creating package script '/home/student/ros2_ws/install/usb_cam/share/usb_cam/package.sh'
[13.332s] INFO:colcon.colcon_core.shell:Creating package script '/home/student/ros2_ws/install/usb_cam/share/usb_cam/package.bash'
[13.334s] INFO:colcon.colcon_core.shell:Creating package script '/home/student/ros2_ws/install/usb_cam/share/usb_cam/package.zsh'
[13.335s] Level 1:colcon.colcon_core.environment:create_file_with_runtime_dependencies(/home/student/ros2_ws/install/usb_cam/share/colcon-core/packages/usb_cam)
[13.336s] Level 1:colcon.colcon_core.environment:create_environment_scripts_only(usb_cam)
[13.336s] Level 1:colcon.colcon_core.environment:checking '/home/student/ros2_ws/install/usb_cam' for CMake module files
[13.336s] Level 1:colcon.colcon_core.environment:checking '/home/student/ros2_ws/install/usb_cam' for CMake config files
[13.337s] Level 1:colcon.colcon_core.shell:create_environment_hook('usb_cam', 'cmake_prefix_path')
[13.337s] INFO:colcon.colcon_core.shell:Creating environment hook '/home/student/ros2_ws/install/usb_cam/share/usb_cam/hook/cmake_prefix_path.ps1'
[13.337s] INFO:colcon.colcon_core.shell:Creating environment descriptor '/home/student/ros2_ws/install/usb_cam/share/usb_cam/hook/cmake_prefix_path.dsv'
[13.337s] INFO:colcon.colcon_core.shell:Creating environment hook '/home/student/ros2_ws/install/usb_cam/share/usb_cam/hook/cmake_prefix_path.sh'
[13.338s] Level 1:colcon.colcon_core.environment:checking '/home/student/ros2_ws/install/usb_cam/lib'
[13.338s] Level 1:colcon.colcon_core.shell:create_environment_hook('usb_cam', 'ld_library_path_lib')
[13.338s] INFO:colcon.colcon_core.shell:Creating environment hook '/home/student/ros2_ws/install/usb_cam/share/usb_cam/hook/ld_library_path_lib.ps1'
[13.338s] INFO:colcon.colcon_core.shell:Creating environment descriptor '/home/student/ros2_ws/install/usb_cam/share/usb_cam/hook/ld_library_path_lib.dsv'
[13.339s] INFO:colcon.colcon_core.shell:Creating environment hook '/home/student/ros2_ws/install/usb_cam/share/usb_cam/hook/ld_library_path_lib.sh'
[13.339s] Level 1:colcon.colcon_core.environment:checking '/home/student/ros2_ws/install/usb_cam/bin'
[13.339s] Level 1:colcon.colcon_core.environment:checking '/home/student/ros2_ws/install/usb_cam/lib/pkgconfig/usb_cam.pc'
[13.339s] Level 1:colcon.colcon_core.environment:checking '/home/student/ros2_ws/install/usb_cam/lib/python3.10/site-packages'
[13.340s] Level 1:colcon.colcon_core.environment:checking '/home/student/ros2_ws/install/usb_cam/bin'
[13.340s] INFO:colcon.colcon_core.shell:Creating package script '/home/student/ros2_ws/install/usb_cam/share/usb_cam/package.ps1'
[13.341s] INFO:colcon.colcon_core.shell:Creating package descriptor '/home/student/ros2_ws/install/usb_cam/share/usb_cam/package.dsv'
[13.341s] INFO:colcon.colcon_core.shell:Creating package script '/home/student/ros2_ws/install/usb_cam/share/usb_cam/package.sh'
[13.341s] INFO:colcon.colcon_core.shell:Creating package script '/home/student/ros2_ws/install/usb_cam/share/usb_cam/package.bash'
[13.342s] INFO:colcon.colcon_core.shell:Creating package script '/home/student/ros2_ws/install/usb_cam/share/usb_cam/package.zsh'
[13.342s] Level 1:colcon.colcon_core.environment:create_file_with_runtime_dependencies(/home/student/ros2_ws/install/usb_cam/share/colcon-core/packages/usb_cam)
[13.342s] DEBUG:colcon.colcon_parallel_executor.executor.parallel:closing loop
[13.343s] DEBUG:colcon.colcon_parallel_executor.executor.parallel:loop closed
[13.343s] DEBUG:colcon.colcon_parallel_executor.executor.parallel:run_until_complete finished with '0'
[13.343s] DEBUG:colcon.colcon_core.event_reactor:joining thread
[13.351s] INFO:colcon.colcon_core.plugin_system:Skipping extension 'colcon_notification.desktop_notification.terminal_notifier': Not used on non-Darwin systems
[13.351s] INFO:colcon.colcon_core.plugin_system:Skipping extension 'colcon_notification.desktop_notification.win32': Not used on non-Windows systems
[13.351s] INFO:colcon.colcon_notification.desktop_notification:Sending desktop notification using 'notify2'
[13.369s] DEBUG:colcon.colcon_core.event_reactor:joined thread
[13.369s] INFO:colcon.colcon_core.shell:Creating prefix script '/home/student/ros2_ws/install/local_setup.ps1'
[13.370s] INFO:colcon.colcon_core.shell:Creating prefix util module '/home/student/ros2_ws/install/_local_setup_util_ps1.py'
[13.372s] INFO:colcon.colcon_core.shell:Creating prefix chain script '/home/student/ros2_ws/install/setup.ps1'
[13.374s] INFO:colcon.colcon_core.shell:Creating prefix script '/home/student/ros2_ws/install/local_setup.sh'
[13.374s] INFO:colcon.colcon_core.shell:Creating prefix util module '/home/student/ros2_ws/install/_local_setup_util_sh.py'
[13.375s] INFO:colcon.colcon_core.shell:Creating prefix chain script '/home/student/ros2_ws/install/setup.sh'
[13.376s] INFO:colcon.colcon_core.shell:Creating prefix script '/home/student/ros2_ws/install/local_setup.bash'
[13.377s] INFO:colcon.colcon_core.shell:Creating prefix chain script '/home/student/ros2_ws/install/setup.bash'
[13.378s] INFO:colcon.colcon_core.shell:Creating prefix script '/home/student/ros2_ws/install/local_setup.zsh'
[13.378s] INFO:colcon.colcon_core.shell:Creating prefix chain script '/home/student/ros2_ws/install/setup.zsh'
