[1.107s] Invoking command in '/home/student/ros2_ws/ros2_camera_robot_interface/ros2_ws/src/camera_click_teleop': PYTHONPATH=/home/student/ros2_ws/build/camera_click_teleop/prefix_override:/usr/lib/python3/dist-packages/colcon_core/task/python/colcon_distutils_commands:/home/student/ros2_ws/install/camera_click_teleop/lib/python3.10/site-packages:${PYTHONPATH} /usr/bin/python3 -W ignore:setup.py install is deprecated -W ignore:easy_install command is deprecated setup.py egg_info --egg-base ../../../../build/camera_click_teleop build --build-base /home/student/ros2_ws/build/camera_click_teleop/build install --record /home/student/ros2_ws/build/camera_click_teleop/install.log --single-version-externally-managed install_data
[1.362s] running egg_info
[1.363s] creating ../../../../build/camera_click_teleop/camera_click_teleop.egg-info
[1.363s] writing ../../../../build/camera_click_teleop/camera_click_teleop.egg-info/PKG-INFO
[1.363s] writing dependency_links to ../../../../build/camera_click_teleop/camera_click_teleop.egg-info/dependency_links.txt
[1.363s] writing entry points to ../../../../build/camera_click_teleop/camera_click_teleop.egg-info/entry_points.txt
[1.363s] writing requirements to ../../../../build/camera_click_teleop/camera_click_teleop.egg-info/requires.txt
[1.363s] writing top-level names to ../../../../build/camera_click_teleop/camera_click_teleop.egg-info/top_level.txt
[1.363s] writing manifest file '../../../../build/camera_click_teleop/camera_click_teleop.egg-info/SOURCES.txt'
[1.366s] reading manifest file '../../../../build/camera_click_teleop/camera_click_teleop.egg-info/SOURCES.txt'
[1.367s] writing manifest file '../../../../build/camera_click_teleop/camera_click_teleop.egg-info/SOURCES.txt'
[1.367s] running build
[1.367s] running build_py
[1.367s] creating /home/student/ros2_ws/build/camera_click_teleop/build
[1.367s] creating /home/student/ros2_ws/build/camera_click_teleop/build/lib
[1.368s] creating /home/student/ros2_ws/build/camera_click_teleop/build/lib/camera_click_teleop
[1.368s] copying camera_click_teleop/__init__.py -> /home/student/ros2_ws/build/camera_click_teleop/build/lib/camera_click_teleop
[1.368s] copying camera_click_teleop/click_teleop_node.py -> /home/student/ros2_ws/build/camera_click_teleop/build/lib/camera_click_teleop
[1.368s] running install
[1.368s] running install_lib
[1.369s] creating /home/student/ros2_ws/install/camera_click_teleop/lib/python3.10/site-packages/camera_click_teleop
[1.369s] copying /home/student/ros2_ws/build/camera_click_teleop/build/lib/camera_click_teleop/__init__.py -> /home/student/ros2_ws/install/camera_click_teleop/lib/python3.10/site-packages/camera_click_teleop
[1.369s] copying /home/student/ros2_ws/build/camera_click_teleop/build/lib/camera_click_teleop/click_teleop_node.py -> /home/student/ros2_ws/install/camera_click_teleop/lib/python3.10/site-packages/camera_click_teleop
[1.370s] byte-compiling /home/student/ros2_ws/install/camera_click_teleop/lib/python3.10/site-packages/camera_click_teleop/__init__.py to __init__.cpython-310.pyc
[1.370s] byte-compiling /home/student/ros2_ws/install/camera_click_teleop/lib/python3.10/site-packages/camera_click_teleop/click_teleop_node.py to click_teleop_node.cpython-310.pyc
[1.370s] running install_data
[1.371s] creating /home/student/ros2_ws/install/camera_click_teleop/share/ament_index
[1.371s] creating /home/student/ros2_ws/install/camera_click_teleop/share/ament_index/resource_index
[1.371s] creating /home/student/ros2_ws/install/camera_click_teleop/share/ament_index/resource_index/packages
[1.371s] copying resource/camera_click_teleop -> /home/student/ros2_ws/install/camera_click_teleop/share/ament_index/resource_index/packages
[1.371s] copying package.xml -> /home/student/ros2_ws/install/camera_click_teleop/share/camera_click_teleop
[1.371s] running install_egg_info
[1.373s] Copying ../../../../build/camera_click_teleop/camera_click_teleop.egg-info to /home/student/ros2_ws/install/camera_click_teleop/lib/python3.10/site-packages/camera_click_teleop-0.0.0-py3.10.egg-info
[1.373s] running install_scripts
[1.393s] Installing click_teleop_node script to /home/student/ros2_ws/install/camera_click_teleop/lib/camera_click_teleop
[1.394s] writing list of installed files to '/home/student/ros2_ws/build/camera_click_teleop/install.log'
[1.422s] Invoked command in '/home/student/ros2_ws/ros2_camera_robot_interface/ros2_ws/src/camera_click_teleop' returned '0': PYTHONPATH=/home/student/ros2_ws/build/camera_click_teleop/prefix_override:/usr/lib/python3/dist-packages/colcon_core/task/python/colcon_distutils_commands:/home/student/ros2_ws/install/camera_click_teleop/lib/python3.10/site-packages:${PYTHONPATH} /usr/bin/python3 -W ignore:setup.py install is deprecated -W ignore:easy_install command is deprecated setup.py egg_info --egg-base ../../../../build/camera_click_teleop build --build-base /home/student/ros2_ws/build/camera_click_teleop/build install --record /home/student/ros2_ws/build/camera_click_teleop/install.log --single-version-externally-managed install_data
